
 LIST ALL SELECTED ELEMENTS.  (LIST NODES)
 
202 406

    ELEM MAT TYP REL ESY SEC        NODES
 
       1   1   1   1   0   1    193   205   192    41   114   135
       2   1   1   1   0   1    193   206   205   112    95    41
       3   1   1   1   0   1    204   215   210    42    68    91
       4   1   1   1   0   1    204   205   215    96    78    42
       5   1   1   1   0   1    189   209   190    43   106   138
       6   1   1   1   0   1    189   203   209   117    97    43
       7   1   1   1   0   1    185   199   200    44   101   124
       8   1   1   1   0   1    185   184   199   143   125    44
       9   1   1   1   0   1    198   211   199    45    88   102
      10   1   1   1   0   1    198   210   211    89    72    45
      11   1   1   1   0   1      1   189   190    46   138   163
      12   1   1   1   0   1      1     4   189     3   164    46
      13   1   1   1   0   1     12   182    20    47   179    21
      14   1   1   1   0   1     12   181   182   180   146    47
      15   1   1   1   0   1    220   219   221    51    48    49
      16   1   1   1   0   1    219   218   221    52    50    48
      17   1   1   1   0   1    221   217   220    55    53    49
      18   1   1   1   0   1    218   216   221    56    54    50
      19   1   1   1   0   1    213   219   220    60    51    59
      20   1   1   1   0   1    212   218   219    62    52    61
 
    ELEM MAT TYP REL ESY SEC        NODES
 
      21   1   1   1   0   1    217   214   220    65    58    53
      22   1   1   1   0   1    216   217   221    66    55    54
      23   1   1   1   0   1    215   216   218    67    56    57
      24   1   1   1   0   1    210   215   218    68    57    64
      25   1   1   1   0   1    214   213   220    69    59    58
      26   1   1   1   0   1    213   212   219    70    61    60
      27   1   1   1   0   1    212   211   218    71    63    62
      28   1   1   1   0   1    211   210   218    72    64    63
      29   1   1   1   0   1    217   208   214    75    73    65
      30   1   1   1   0   1    216   207   217    77    74    66
      31   1   1   1   0   1    215   206   216    79    76    67
      32   1   1   1   0   1    203   213   214    82    69    81
      33   1   1   1   0   1    201   212   213    85    70    84
      34   1   1   1   0   1    200   211   212    87    71    86
      35   1   1   1   0   1    208   209   214    92    80    73
      36   1   1   1   0   1    207   208   217    93    75    74
      37   1   1   1   0   1    206   207   216    94    77    76
      38   1   1   1   0   1    205   206   215    95    79    78
      39   1   1   1   0   1    209   203   214    97    81    80
      40   1   1   1   0   1    203   202   213    98    83    82
 
    ELEM MAT TYP REL ESY SEC        NODES
 
      41   1   1   1   0   1    202   201   213    99    84    83
      42   1   1   1   0   1    201   200   212   100    86    85
      43   1   1   1   0   1    200   199   211   101    88    87
      44   1   1   1   0   1    198   197   210   103    90    89
      45   1   1   1   0   1    197   204   210   104    91    90
      46   1   1   1   0   1    208   196   209   108   105    92
      47   1   1   1   0   1    207   195   208   110   107    93
      48   1   1   1   0   1    206   194   207   111   109    94
      49   1   1   1   0   1    204   191   205   116   113    96
      50   1   1   1   0   1    188   202   203   119    98   118
      51   1   1   1   0   1    187   201   202   121    99   120
      52   1   1   1   0   1    186   200   201   123   100   122
      53   1   1   1   0   1    183   198   199   127   102   126
      54   1   1   1   0   1    182   197   198   129   103   128
      55   1   1   1   0   1    197   181   204   130   115   104
      56   1   1   1   0   1    196   190   209   131   106   105
      57   1   1   1   0   1    195   196   208   132   108   107
      58   1   1   1   0   1    194   195   207   133   110   109
      59   1   1   1   0   1    193   194   206   134   111   112
      60   1   1   1   0   1    191   192   205   136   114   113
 
    ELEM MAT TYP REL ESY SEC        NODES
 
      61   1   1   1   0   1    181   191   204   137   116   115
      62   1   1   1   0   1    189   188   203   139   118   117
      63   1   1   1   0   1    188   187   202   140   120   119
      64   1   1   1   0   1    187   186   201   141   122   121
      65   1   1   1   0   1    186   185   200   142   124   123
      66   1   1   1   0   1    184   183   199   144   126   125
      67   1   1   1   0   1    183   182   198   145   128   127
      68   1   1   1   0   1    182   181   197   146   130   129
      69   1   1   1   0   1    196    35   190   150   147   131
      70   1   1   1   0   1    195    37   196   152   149   132
      71   1   1   1   0   1    194    39   195   154   151   133
      72   1   1   1   0   1    193    22   194   156   153   134
      73   1   1   1   0   1    192    24   193   158   155   135
      74   1   1   1   0   1    191    26   192   160   157   136
      75   1   1   1   0   1    181    28   191   161   159   137
      76   1   1   1   0   1      6   188   189   166   139   165
      77   1   1   1   0   1      8   187   188   168   140   167
      78   1   1   1   0   1     10   186   187   170   141   169
      79   1   1   1   0   1      2   185   186   172   142   171
      80   1   1   1   0   1     14   184   185   174   143   173
 
    ELEM MAT TYP REL ESY SEC        NODES
 
      81   1   1   1   0   1     16   183   184   176   144   175
      82   1   1   1   0   1     18   182   183   178   145   177
      83   1   1   1   0   1     33     1   190    32   163   148
      84   1   1   1   0   1     35    33   190    34   148   147
      85   1   1   1   0   1     37    35   196    36   150   149
      86   1   1   1   0   1     39    37   195    38   152   151
      87   1   1   1   0   1     22    39   194    40   154   153
      88   1   1   1   0   1     24    22   193    23   156   155
      89   1   1   1   0   1     26    24   192    25   158   157
      90   1   1   1   0   1     28    26   191    27   160   159
      91   1   1   1   0   1     30    28   181    29   161   162
      92   1   1   1   0   1     12    30   181    31   162   180
      93   1   1   1   0   1      4     6   189     5   165   164
      94   1   1   1   0   1      6     8   188     7   167   166
      95   1   1   1   0   1      8    10   187     9   169   168
      96   1   1   1   0   1     10     2   186    11   171   170
      97   1   1   1   0   1      2    14   185    13   173   172
      98   1   1   1   0   1     14    16   184    15   175   174
      99   1   1   1   0   1     16    18   183    17   177   176
     100   1   1   1   0   1     18    20   182    19   179   178
 
    ELEM MAT TYP REL ESY SEC        NODES
 
     101   1   1   1   0   1    377   390   378   222   295   318
     102   1   1   1   0   1    377   389   390   296   279   222
     103   1   1   1   0   1    391   401   402   223   245   257
     104   1   1   1   0   1    391   390   401   278   258   223
     105   1   1   1   0   1    366   387   365   224   301   330
     106   1   1   1   0   1    366   381   387   314   289   224
     107   1   1   1   0   1    373   393   386   225   282   303
     108   1   1   1   0   1    373   374   393   322   283   225
     109   1   1   1   0   1      1   373     4   226   349     3
     110   1   1   1   0   1      1   374   373   347   322   226
     111   1   1   1   0   1     12   366   365   227   330   364
     112   1   1   1   0   1     12    20   366    21   362   227
     113   1   1   1   0   1    404   405   406   230   228   229
     114   1   1   1   0   1    402   406   405   233   228   232
     115   1   1   1   0   1    400   404   406   236   229   235
     116   1   1   1   0   1    405   398   403   239   237   231
     117   1   1   1   0   1    404   397   405   240   238   230
     118   1   1   1   0   1    403   402   405   244   232   231
     119   1   1   1   0   1    402   401   406   245   234   233
     120   1   1   1   0   1    401   400   406   246   235   234
 
    ELEM MAT TYP REL ESY SEC        NODES
 
     121   1   1   1   0   1    400   394   404   247   242   236
     122   1   1   1   0   1    398   399   403   249   248   237
     123   1   1   1   0   1    397   398   405   250   239   238
     124   1   1   1   0   1    396   397   404   251   240   241
     125   1   1   1   0   1    395   396   404   252   241   243
     126   1   1   1   0   1    394   395   404   253   243   242
     127   1   1   1   0   1    392   402   403   256   244   255
     128   1   1   1   0   1    389   400   401   260   246   259
     129   1   1   1   0   1    388   394   400   262   247   261
     130   1   1   1   0   1    399   393   403   263   254   248
     131   1   1   1   0   1    398   385   399   267   264   249
     132   1   1   1   0   1    397   384   398   269   266   250
     133   1   1   1   0   1    396   383   397   271   268   251
     134   1   1   1   0   1    395   382   396   273   270   252
     135   1   1   1   0   1    394   381   395   275   272   253
     136   1   1   1   0   1    393   392   403   276   255   254
     137   1   1   1   0   1    392   391   402   277   257   256
     138   1   1   1   0   1    390   389   401   279   259   258
     139   1   1   1   0   1    389   388   400   280   261   260
     140   1   1   1   0   1    388   387   394   281   274   262
 
    ELEM MAT TYP REL ESY SEC        NODES
 
     141   1   1   1   0   1    386   393   399   282   263   265
     142   1   1   1   0   1    385   386   399   284   265   264
     143   1   1   1   0   1    384   385   398   285   267   266
     144   1   1   1   0   1    383   384   397   286   269   268
     145   1   1   1   0   1    382   383   396   287   271   270
     146   1   1   1   0   1    381   382   395   288   273   272
     147   1   1   1   0   1    387   381   394   289   275   274
     148   1   1   1   0   1    374   392   393   290   276   283
     149   1   1   1   0   1    380   391   392   292   277   291
     150   1   1   1   0   1    379   390   391   294   278   293
     151   1   1   1   0   1    376   388   389   298   280   297
     152   1   1   1   0   1    375   387   388   300   281   299
     153   1   1   1   0   1    385   372   386   305   302   284
     154   1   1   1   0   1    384   371   385   307   304   285
     155   1   1   1   0   1    383   370   384   308   306   286
     156   1   1   1   0   1    382   368   383   312   309   287
     157   1   1   1   0   1    381   367   382   313   311   288
     158   1   1   1   0   1    374   380   392   315   291   290
     159   1   1   1   0   1    380   379   391   316   293   292
     160   1   1   1   0   1    379   378   390   317   295   294
 
    ELEM MAT TYP REL ESY SEC        NODES
 
     161   1   1   1   0   1    377   376   389   319   297   296
     162   1   1   1   0   1    376   375   388   320   299   298
     163   1   1   1   0   1    375   365   387   321   301   300
     164   1   1   1   0   1    372   373   386   323   303   302
     165   1   1   1   0   1    371   372   385   324   305   304
     166   1   1   1   0   1    370   371   384   325   307   306
     167   1   1   1   0   1    369   370   383   326   308   310
     168   1   1   1   0   1    368   369   383   327   310   309
     169   1   1   1   0   1    367   368   382   328   312   311
     170   1   1   1   0   1    366   367   381   329   313   314
     171   1   1   1   0   1     35   380   374   333   315   332
     172   1   1   1   0   1     37   379   380   335   316   334
     173   1   1   1   0   1     39   378   379   337   317   336
     174   1   1   1   0   1     22   377   378   339   318   338
     175   1   1   1   0   1     24   376   377   341   319   340
     176   1   1   1   0   1     26   375   376   343   320   342
     177   1   1   1   0   1     28   365   375   345   321   344
     178   1   1   1   0   1    372     6   373   351   348   323
     179   1   1   1   0   1    371     8   372   353   350   324
     180   1   1   1   0   1    370    10   371   355   352   325
 
    ELEM MAT TYP REL ESY SEC        NODES
 
     181   1   1   1   0   1    369     2   370   357   354   326
     182   1   1   1   0   1    368    14   369   359   356   327
     183   1   1   1   0   1    367    16   368   361   358   328
     184   1   1   1   0   1    366    18   367   363   360   329
     185   1   1   1   0   1      1    33   374    32   331   347
     186   1   1   1   0   1     33    35   374    34   332   331
     187   1   1   1   0   1     35    37   380    36   334   333
     188   1   1   1   0   1     37    39   379    38   336   335
     189   1   1   1   0   1     39    22   378    40   338   337
     190   1   1   1   0   1     22    24   377    23   340   339
     191   1   1   1   0   1     24    26   376    25   342   341
     192   1   1   1   0   1     26    28   375    27   344   343
     193   1   1   1   0   1     28    30   365    29   346   345
     194   1   1   1   0   1     30    12   365    31   364   346
     195   1   1   1   0   1      6     4   373     5   349   348
     196   1   1   1   0   1      8     6   372     7   351   350
     197   1   1   1   0   1     10     8   371     9   353   352
     198   1   1   1   0   1      2    10   370    11   355   354
     199   1   1   1   0   1     14     2   369    13   357   356
     200   1   1   1   0   1     16    14   368    15   359   358
 
    ELEM MAT TYP REL ESY SEC        NODES
 
     201   1   1   1   0   1     18    16   367    17   361   360
     202   1   1   1   0   1     20    18   366    19   363   362

 LIST ALL SELECTED NODES.   DSYS=      0
 SORT TABLE ON  NODE  NODE  NODE

   NODE        X                   Y                   Z
        1     0.00000000000       0.00000000000      -1.00000000000    
        2    -1.00000000000      0.122464679915E-15   0.00000000000    
        3   -0.156434465015      0.191576966857E-16 -0.987688340599    
        4   -0.309016994320      0.378436672976E-16 -0.951056516313    
        5   -0.453990499660      0.555978012252E-16 -0.891006524229    
        6   -0.587785252180      0.719829327668E-16 -0.809016994457    
        7   -0.707106781086      0.865956056112E-16 -0.707106781288    
        8   -0.809016994360      0.990760072599E-16 -0.587785252313    
        9   -0.891006524229      0.109116828792E-15 -0.453990499660    
       10   -0.951056516330      0.116470831853E-15 -0.309016994267    
       11   -0.987688340609      0.120956936488E-15 -0.156434464954    
       12     0.00000000000       0.00000000000       1.00000000000    
       13   -0.987688340600      0.120956936487E-15  0.156434465011    
       14   -0.951056516299      0.116470831849E-15  0.309016994362    
       15   -0.891006524209      0.109116828789E-15  0.453990499699    
       16   -0.809016994420      0.990760072673E-16  0.587785252230    
       17   -0.707106781264      0.865956056330E-16  0.707106781109    
       18   -0.587785252377      0.719829327910E-16  0.809016994313    
       19   -0.453990499879      0.555978012520E-16  0.891006524117    
       20   -0.309016994554      0.378436673263E-16  0.951056516237    

   NODE        X                   Y                   Z
       21   -0.156434465258      0.191576967154E-16  0.987688340561    
       22     1.00000000000       0.00000000000       0.00000000000    
       23    0.987688340600       0.00000000000      0.156434465011    
       24    0.951056516299       0.00000000000      0.309016994362    
       25    0.891006524209       0.00000000000      0.453990499699    
       26    0.809016994420       0.00000000000      0.587785252230    
       27    0.707106781264       0.00000000000      0.707106781109    
       28    0.587785252377       0.00000000000      0.809016994313    
       29    0.453990499879       0.00000000000      0.891006524117    
       30    0.309016994554       0.00000000000      0.951056516237    
       31    0.156434465258       0.00000000000      0.987688340561    
       32    0.156434465015       0.00000000000     -0.987688340599    
       33    0.309016994320       0.00000000000     -0.951056516313    
       34    0.453990499660       0.00000000000     -0.891006524229    
       35    0.587785252180       0.00000000000     -0.809016994457    
       36    0.707106781086       0.00000000000     -0.707106781288    
       37    0.809016994360       0.00000000000     -0.587785252313    
       38    0.891006524229       0.00000000000     -0.453990499660    
       39    0.951056516330       0.00000000000     -0.309016994267    
       40    0.987688340609       0.00000000000     -0.156434464954    

   NODE        X                   Y                   Z
       41    0.833273253116      0.423461117908      0.355438274896    
       42    0.393402346601      0.708384159560      0.586026002984    
       43   -0.242117220396E-01  0.395528337658     -0.918134590692    
       44   -0.828820414346      0.414519887586      0.375805779038    
       45   -0.410076471931      0.697092740327      0.588131786722    
       46   -0.108790947700      0.135335241502     -0.984809068859    
       47   -0.148300817705      0.124105456296      0.981124203751    
       48   -0.701096346408E-02  0.994252007802     -0.106835347022    
       49    0.683491567572E-01  0.972596989559     -0.222223960613    
       50    0.621929195000E-01  0.993239800810      0.980139727332E-01
       51   -0.720921004452E-01  0.971216242593     -0.227028058128    
       52   -0.801373525853E-01  0.992413247812      0.932413550326E-01
       53    0.165534195077      0.923015784955     -0.347333112422    
       54    0.296826810513      0.954151458986     -0.385854619707E-01
       55    0.230912993166      0.946192537258     -0.226713193319    
       56    0.229173474907      0.959296415104      0.165014867112    
       57    0.207672385969      0.906614251602      0.367318361777    
       58    0.227274143746E-01  0.866197697709     -0.499184347831    
       59   -0.168910373839      0.909561672546     -0.379693099021    
       60   -0.245235315542      0.932829552563     -0.263986109250    

   NODE        X                   Y                   Z
       61   -0.308650883654      0.950196084940     -0.431512709398E-01
       62   -0.244652325650      0.955462911383      0.165032919523    
       63   -0.224807425709      0.901260965388      0.370392080927    
       64   -0.110015345433E-01  0.883104873647      0.469046637743    
       65    0.186729622005      0.841811242666     -0.506444350335    
       66    0.395406716626      0.903794534461     -0.163734443308    
       67    0.442423378080      0.867318677007      0.228078642234    
       68    0.207550827881      0.815497764382      0.540264796312    
       69   -0.150978553593      0.828202374714     -0.539709461537    
       70   -0.409122418842      0.891118727177     -0.196281075186    
       71   -0.453843366218      0.860441109489      0.231662029780    
       72   -0.224967273327      0.809260019575      0.542667436510    
       73    0.266845649417      0.717884378085     -0.642989439330    
       74    0.518685084609      0.797241499023     -0.308823210332    
       75    0.408671562059      0.772018134504     -0.486801349999    
       76    0.613567914449      0.785319893186      0.825050284858E-01
       77    0.584399742953      0.802735533546     -0.118712272402    
       78    0.574493472433      0.678121045533      0.458376589430    
       79    0.598917404359      0.747622056557      0.286982932079    
       80    0.105995018176      0.644095942111     -0.757565491214    

   NODE        X                   Y                   Z
       81   -0.120670939748      0.694323489170     -0.709474042293    
       82   -0.314342458776      0.741461225316     -0.592810315331    
       83   -0.472596258583      0.733553451604     -0.488417966513    
       84   -0.537743345200      0.774889088487     -0.332233344559    
       85   -0.600597856322      0.792039696647     -0.109340449586    
       86   -0.620653003092      0.778477051362      0.936126607602E-01
       87   -0.606143894421      0.736392121609      0.300526575346    
       88   -0.578778438313      0.665228472167      0.471684851529    
       89   -0.199601018085      0.691460918932      0.694291891908    
       90   -0.135590515461E-01  0.664611065977      0.747066451597    
       91    0.177522501297      0.697056053624      0.694693183815    
       92    0.329721631565      0.580961231502     -0.744155691485    
       93    0.596798540249      0.669482279642     -0.442295127265    
       94    0.734807439288      0.675480311058     -0.615172865146E-01
       95    0.742308481958      0.593449795621      0.311119683870    
       96    0.547037946097      0.565679560340      0.617054390263    
       97   -0.572794744586E-01  0.567145957721     -0.821623103647    
       98   -0.442647871947      0.605197536524     -0.661663663236    
       99   -0.661268501894      0.634311295879     -0.400466163767    
      100   -0.748044393283      0.662344811833     -0.415804751755E-01

   NODE        X                   Y                   Z
      101   -0.742718953156      0.581328549540      0.332303587269    
      102   -0.554084672468      0.550336462541      0.624595832306    
      103   -0.200926830164      0.563298026677      0.801451022871    
      104    0.174504580193      0.569800035270      0.803041761864    
      105    0.384767632524      0.411008698203     -0.826453700436    
      106    0.237332815394      0.353924143390     -0.904660618941    
      107    0.661970291222      0.501808795483     -0.556761408787    
      108    0.539415479798      0.473198749443     -0.696501172777    
      109    0.827544269241      0.524639944953     -0.199808434774    
      110    0.766845348543      0.521408769840     -0.374274105639    
      111    0.859971255934      0.510340078797      0.156299097469E-02
      112    0.853554352377      0.487962385072      0.182586084610    
      113    0.673550322509      0.416826741992      0.610397763927    
      114    0.786640114568      0.383623810135      0.483766578476    
      115    0.307279406272      0.430285650772      0.848783615076    
      116    0.496703538588      0.450759905968      0.741688008482    
      117   -0.251195130833      0.441485347405     -0.861389397585    
      118   -0.449306260119      0.470788790143     -0.759263985511    
      119   -0.603477831264      0.461237235428     -0.650441941935    
      120   -0.726239713825      0.466963525174     -0.504500688028    

   NODE        X                   Y                   Z
      121   -0.790308566659      0.504643097820     -0.347487716744    
      122   -0.839242029976      0.514484359589     -0.176007553418    
      123   -0.863138343458      0.504259967232      0.267223782627E-01
      124   -0.852494579363      0.481527763731      0.203430589912    
      125   -0.778566637995      0.374302332103      0.503717931370    
      126   -0.681718515553      0.396460156254      0.614881460166    
      127   -0.518968463535      0.433071925000      0.736967056002    
      128   -0.341523473461      0.416024911220      0.842784070993    
      129   -0.156637595549      0.396793700974      0.904444261703    
      130    0.116496888362      0.404053776390      0.907286625487    
      131    0.447239974627      0.248246660885     -0.859272948751    
      132    0.707555446661      0.324855685897     -0.627562007487    
      133    0.883497915873      0.351746778971     -0.309363275344    
      134    0.941183816286      0.334907527606      0.448327103137E-01
      135    0.893159344848      0.276764578601      0.354496477757    
      136    0.741569822408      0.273368088980      0.612653316666    
      137    0.440934915030      0.286833572472      0.850472164395    
      138    0.445308786912E-01  0.238263543348     -0.970179099318    
      139   -0.417106622662      0.300862134161     -0.857615322601    
      140   -0.730481654298      0.329923898736     -0.597952150073    

   NODE        X                   Y                   Z
      141   -0.897465338365      0.342767427231     -0.277608460360    
      142   -0.940459754039      0.332785319178      0.692053637484E-01
      143   -0.885608562314      0.274159464812      0.374878730005    
      144   -0.744244580134      0.258682652656      0.615778604822    
      145   -0.474880511081      0.265778362749      0.838957902454    
      146   -0.242553097139E-01  0.260968341296      0.965042592217    
      147    0.451764569293      0.984842071780E-01 -0.886684631009    
      148    0.306099370942      0.972597197609E-01 -0.947018332463    
      149    0.709984822212      0.150917970767     -0.687855594095    
      150    0.590921946932      0.149391062553     -0.792775859284    
      151    0.899421951924      0.175265032616     -0.400402698217    
      152    0.823172857055      0.174477456100     -0.540318484526    
      153    0.981753444842      0.177593478197     -0.679759519423E-01
      154    0.957860734376      0.177785368671     -0.225599592703    
      155    0.950247702022      0.157238746950      0.268896413623    
      156    0.980921694859      0.158186283933      0.113003221770    
      157    0.833901235713      0.119907917512      0.538730749442    
      158    0.908780624295      0.120336440816      0.399545889627    
      159    0.609981130755      0.152375460808      0.777627635226    
      160    0.726522205890      0.153334108325      0.669816493954    

   NODE        X                   Y                   Z
      161    0.426887686067      0.133060194549      0.894461786837    
      162    0.279154961945      0.130852829752      0.951288622957    
      163    0.152679721272      0.984363672134E-01 -0.983361166776    
      164   -0.264308527533      0.134635216834     -0.954994429649    
      165   -0.412953634568      0.137241784481     -0.900352146824    
      166   -0.601849641642      0.162421579028     -0.781918307447    
      167   -0.719498642859      0.163673093380     -0.674931716122    
      168   -0.835895047564      0.166565323001     -0.523006178388    
      169   -0.909106179417      0.166750995429     -0.381732969586    
      170   -0.961142646710      0.177276942542     -0.211607415557    
      171   -0.982803423127      0.176679499261     -0.536822692401E-01
      172   -0.979830496506      0.157187369293      0.123386907939    
      173   -0.947558649330      0.155986248741      0.278928120281    
      174   -0.904209490002      0.118975414585      0.410182945665    
      175   -0.827751179188      0.118334696043      0.548475054187    
      176   -0.735322186879      0.140638165682      0.662964695770    
      177   -0.620192305923      0.140010493221      0.771853979366    
      178   -0.448506468752      0.124288031060      0.885095719582    
      179   -0.302297135738      0.122691122308      0.945284787898    
      180    0.124186220147      0.131855212987      0.983459193629    

   NODE        X                   Y                   Z
      181    0.244264159851      0.259348442879      0.934383971068    
      182   -0.291003043374      0.243525733980      0.925209406371    
      183   -0.638933890245      0.276935960930      0.717683744723    
      184   -0.833324648613      0.234787945959      0.500444452909    
      185   -0.920135603768      0.308033956198      0.241796510536    
      186   -0.931805137021      0.347282433339     -0.105518235941    
      187   -0.835470457273      0.327690162000     -0.441144276572    
      188   -0.599475762865      0.320406951238     -0.733463151996    
      189   -0.214276623809      0.266558746335     -0.939697804212    
      190    0.300278617705      0.193597001832     -0.933998368645    
      191    0.617112774869      0.300987822199      0.727033805254    
      192    0.844272694870      0.237729020173      0.480300457698    
      193    0.924414742890      0.310336715479      0.221694623646    
      194    0.927679652919      0.348706018003     -0.133471249972    
      195    0.810249736424      0.343215325327     -0.475077472719    
      196    0.580708944992      0.295407186362     -0.758624884546    
      197   -0.156970756177E-01  0.533405722844      0.845713862163    
      198   -0.378689578948      0.572256592555      0.727404010900    
      199   -0.706311572846      0.505404864982      0.495671145536    
      200   -0.754038132212      0.637615617065      0.157711191883    

   NODE        X                   Y                   Z
      201   -0.711856121784      0.660338705631     -0.239193761882    
      202   -0.591341872430      0.589733248695     -0.550026804161    
      203   -0.278544485330      0.599593785583     -0.750266793869    
      204    0.357844345265      0.583788600057      0.728792353833    
      205    0.709641384419      0.520074235319      0.475322937883    
      206    0.750172216947      0.646995930834      0.136520732511    
      207    0.689854542806      0.676765467870     -0.257078220136    
      208    0.478069597063      0.633399458611     -0.608485485607    
      209    0.167141795238      0.503446805527     -0.847705688484    
      210   -0.110556012074E-01  0.777904659155      0.628285058670    
      211   -0.426714573688      0.796857283175      0.427706842186    
      212   -0.461360478233      0.886843173555      0.256065351580E-01
      213   -0.335617682377      0.849072853929     -0.407965758363    
      214    0.414938842799E-01  0.764361784620     -0.643451101312    
      215    0.414337324704      0.806648615265      0.421476681263    
      216    0.451984065509      0.891671951075      0.251303838412E-01
      217    0.323401437359      0.880652974439     -0.346210700190    
      218   -0.105467483948E-01  0.956138909116      0.292723679555    
      219   -0.146045494956      0.983084334379     -0.110525584827    
      220    0.324422114436E-02  0.940717520915     -0.339175501580    

   NODE        X                   Y                   Z
      221    0.132160064025      0.986062652783     -0.101065138713    
      222    0.900425272250     -0.434868416714     -0.111260611651E-01
      223    0.627662343569     -0.738595345223     -0.246001826173    
      224    0.293992797308E-02 -0.383519646617      0.923528038276    
      225   -0.152840864004     -0.421874797406     -0.893678535943    
      226   -0.136990067481     -0.129967764324     -0.982009216682    
      227   -0.961686149538E-01 -0.126368393037      0.987310805542    
      228    0.831994739168E-01 -0.993879645205     -0.726711661312E-01
      229    0.738823525649E-01 -0.985080006949      0.155430942509    
      230   -0.886726720916E-01 -0.993896948155      0.656202230508E-01
      231   -0.494285809971E-01 -0.933281724459     -0.355727477392    
      232    0.119635676887     -0.959912312107     -0.253486997460    
      233    0.280094988121     -0.946141900840     -0.162364716317    
      234    0.421384500962     -0.906666951908     -0.197519787959E-01
      235    0.320173919626     -0.930007100275      0.180486715937    
      236    0.151076541935     -0.934305192582      0.322877198934    
      237   -0.202084856291     -0.863207476528     -0.462638696311    
      238   -0.274490475128     -0.958756701715     -0.737601923879E-01
      239   -0.230913840845     -0.934825810762     -0.269776762602    
      240   -0.285308316607     -0.945764718448      0.155332745467    

   NODE        X                   Y                   Z
      241   -0.283057708596     -0.902783939051      0.323820155328    
      242   -0.161770756621E-02 -0.886087509192      0.463515165961    
      243   -0.181323590108     -0.885296207639      0.428220014024    
      244    0.147943794702     -0.883260750825     -0.444930421146    
      245    0.457621288702     -0.866506057636     -0.199374040956    
      246    0.499964017397     -0.853783130244      0.145225162487    
      247    0.246224857641     -0.836553953048      0.489439274189    
      248   -0.147351752767     -0.786560395457     -0.599675083070    
      249   -0.328156307645     -0.791245549225     -0.515988293069    
      250   -0.426205229287     -0.886348657612     -0.180928603813    
      251   -0.465960398573     -0.865411071725      0.184240559860    
      252   -0.363710256937     -0.811954088382      0.456558219025    
      253   -0.853132977127E-01 -0.797560614694      0.597175608278    
      254   -0.255921025760E-01 -0.720953064241     -0.692511172074    
      255    0.160983480382     -0.762797781915     -0.626277784174    
      256    0.329948922135     -0.786082754098     -0.522692655862    
      257    0.487349981042     -0.781322874684     -0.389903271947    
      258    0.721917996644     -0.684779023696     -0.995595039501E-01
      259    0.674897956383     -0.731889076970      0.940804309261E-01
      260    0.577470939870     -0.760862430674      0.295999451342    

   NODE        X                   Y                   Z
      261    0.459773760126     -0.750473287222      0.474760923693    
      262    0.311894408713     -0.717303169554      0.623055407457    
      263   -0.152751316492     -0.649907520999     -0.744504700764    
      264   -0.421336157540     -0.663896851817     -0.617832349830    
      265   -0.320782254698     -0.616917745501     -0.718687164458    
      266   -0.560713268444     -0.768576534702     -0.308043407488    
      267   -0.476672701559     -0.737059200898     -0.479089626229    
      268   -0.632886582232     -0.766501082572      0.109227580981    
      269   -0.603907789470     -0.789254994975     -0.111229199066    
      270   -0.513476454684     -0.723039333528      0.462121253197    
      271   -0.628962228836     -0.725844478480      0.278489331496    
      272   -0.242780127896     -0.696984404976      0.674737392412    
      273   -0.414149559241     -0.710634255111      0.568752229045    
      274    0.146914427887     -0.649562293099      0.745979207661    
      275   -0.644138306787E-01 -0.698117335917      0.713079970066    
      276    0.155217763880     -0.620802989320     -0.768447196772    
      277    0.498415926559     -0.655243114211     -0.567660131973    
      278    0.748976499197     -0.596708775109     -0.288050067450    
      279    0.801907621554     -0.595290565984      0.507277886900E-01
      280    0.641252746449     -0.637720852540      0.426740002117    

   NODE        X                   Y                   Z
      281    0.363405246575     -0.569865405929      0.737014277940    
      282   -0.200575753450     -0.549460774385     -0.811087063478    
      283    0.110650522209     -0.436212378397     -0.893014682336    
      284   -0.468032225941     -0.561824755802     -0.682128125244    
      285   -0.652265312282     -0.637863686909     -0.409487337188    
      286   -0.764747239447     -0.644079057508     -0.179952059699E-01
      287   -0.679440238318     -0.621443934162      0.390087681487    
      288   -0.395079302169     -0.611793064725      0.685289421304    
      289   -0.120648062808E-01 -0.555285855900      0.831572040588    
      290    0.298010588727     -0.476695418816     -0.827013401758    
      291    0.493324991102     -0.503352582961     -0.709412877231    
      292    0.649263418181     -0.497480081784     -0.575300427637    
      293    0.756640591130     -0.482691508441     -0.441025989635    
      294    0.852600562063     -0.431241199804     -0.295132697546    
      295    0.905599053765     -0.395638491773     -0.152841544248    
      296    0.856154841441     -0.483333517483      0.182722736284    
      297    0.793170605118     -0.490819286459      0.360522980150    
      298    0.682627828737     -0.487667382518      0.544242383007    
      299    0.563141889993     -0.461883783221      0.685225935391    
      300    0.404475686833     -0.403684060615      0.820633047084    

   NODE        X                   Y                   Z
      301    0.239480341568     -0.349870184993      0.905671032801    
      302   -0.492988275190     -0.412818199187     -0.765861407140    
      303   -0.321024911627     -0.388470310242     -0.863732495727    
      304   -0.710258541339     -0.473689614589     -0.520721570021    
      305   -0.592955543143     -0.457590172981     -0.662582038277    
      306   -0.846427494794     -0.503275658644     -0.173994561620    
      307   -0.792081367829     -0.501674703257     -0.347749333357    
      308   -0.876303642279     -0.479586695362      0.457004174980E-01
      309   -0.815401098192     -0.470635212485      0.337080918825    
      310   -0.875315311565     -0.441492916186      0.197248853730    
      311   -0.573950762681     -0.472570433436      0.668773285546    
      312   -0.705878405077     -0.475030885189      0.525434425368    
      313   -0.407601783516     -0.466148845463      0.785217192850    
      314   -0.208350067218     -0.426806535960      0.880015017117    
      315    0.449452813043     -0.318091456873     -0.834751456370    
      316    0.747009368633     -0.328302510316     -0.578095549969    
      317    0.910470086396     -0.280515886164     -0.303899752202    
      318    0.958417501446     -0.284552803392     -0.215776505594E-01
      319    0.894677573066     -0.332390667059      0.298443436358    
      320    0.717104718860     -0.317514386700      0.620439712161    

   NODE        X                   Y                   Z
      321    0.442494072434     -0.246576365528      0.862205945134    
      322   -0.115842992859E-01 -0.278608890306     -0.960334780299    
      323   -0.447225303145     -0.284523643123     -0.847959801365    
      324   -0.731615050799     -0.321168200816     -0.601323876318    
      325   -0.898423621215     -0.335838737761     -0.282926384529    
      326   -0.952719847007     -0.301028644634      0.413115992159E-01
      327   -0.896633409077     -0.294554419166      0.330584669754    
      328   -0.714180971019     -0.325780059967      0.619526345817    
      329   -0.392220126895     -0.292023040230      0.872287748414    
      330    0.447620712874E-01 -0.228279251449      0.972566162444    
      331    0.280828116135     -0.143050251674     -0.949037509630    
      332    0.428650640682     -0.145404631604     -0.891692840249    
      333    0.618494641762     -0.171220126197     -0.766908108248    
      334    0.733886830934     -0.171917230710     -0.657156438884    
      335    0.838669825504     -0.157461253466     -0.521381700336    
      336    0.911410500145     -0.157571272879     -0.380134442255    
      337    0.963502584119     -0.123354511526     -0.237584584692    
      338    0.988994960683     -0.123450317520     -0.815413198790E-01
      339    0.984971850825     -0.161884244125      0.601992075237E-01
      340    0.962455268364     -0.162276851893      0.217591543351    

   NODE        X                   Y                   Z
      341    0.902176871260     -0.170517722531      0.396233011329    
      342    0.826682072286     -0.169888882589      0.536408910193    
      343    0.714770252846     -0.147928016128      0.683535505801    
      344    0.596430294059     -0.146583550371      0.789166754932    
      345    0.440793867530     -0.990144045532E-01  0.892130547644    
      346    0.294397976183     -0.975925646058E-01  0.950686869034    
      347    0.125653743596     -0.144191307853     -0.981539608707    
      348   -0.438456924706     -0.130620186481     -0.889209700836    
      349   -0.291494955983     -0.128716230894     -0.947872788163    
      350   -0.722453469718     -0.154317839326     -0.673978477815    
      351   -0.605276795436     -0.153210155050     -0.781131646584    
      352   -0.907286780910     -0.167499891088     -0.385712955022    
      353   -0.833456076257     -0.167196069377     -0.526684386834    
      354   -0.984144008809     -0.168636153420     -0.549765193959E-01
      355   -0.962369491546     -0.169179623258     -0.212657510603    
      356   -0.958534922610     -0.132914094931      0.252080632944    
      357   -0.986387034437     -0.133335998884      0.962399589343E-01
      358   -0.830065799864     -0.162012799426      0.533612800370    
      359   -0.904918917229     -0.162509445536      0.393335014146    
      360   -0.589469220676     -0.162309221285      0.791316469285    

   NODE        X                   Y                   Z
      361   -0.708746072957     -0.163967184898      0.686144129425    
      362   -0.251875630712     -0.125974643967      0.959525432561    
      363   -0.401076634552     -0.128690868543      0.906959863263    
      364    0.140542436284     -0.985808479651E-01  0.985154627466    
      365    0.276912062920     -0.194234757105      0.941059280036    
      366   -0.189896625396     -0.249529759848      0.949565253478    
      367   -0.575437687466     -0.320291209319      0.752519108779    
      368   -0.826523197169     -0.319225831322      0.463631613631    
      369   -0.945918763412     -0.263041801046      0.189859695375    
      370   -0.937078860150     -0.331924520114     -0.108209624377    
      371   -0.830986936967     -0.328994195245     -0.448579457938    
      372   -0.607904617970     -0.302657943901     -0.734064128291    
      373   -0.269051017721     -0.255259084876     -0.928684203296    
      374    0.246668252644     -0.283058959778     -0.926840006920    
      375    0.591980406847     -0.289948784725      0.751989960136    
      376    0.818047238875     -0.334372951539      0.467967353827    
      377    0.940339093835     -0.318902847110      0.118589049706    
      378    0.956222064513     -0.244183483845     -0.161287908896    
      379    0.843093146478     -0.310185636504     -0.439293543394    
      380    0.629392066774     -0.336955634024     -0.700233194716    

   NODE        X                   Y                   Z
      381   -0.219176892283     -0.588460135544      0.778251989245    
      382   -0.555127921450     -0.610575886906      0.564827475567    
      383   -0.772426513065     -0.603659897306      0.197362636532    
      384   -0.720305281191     -0.653536255310     -0.232487988687    
      385   -0.560610836887     -0.599098006107     -0.571661673233    
      386   -0.365080648872     -0.512099821968     -0.777476618400    
      387    0.195612382904     -0.496102554892      0.845942108352    
      388    0.514677462245     -0.617721790650      0.594581280577    
      389    0.739233313960     -0.629282691807      0.239869550636    
      390    0.831817475629     -0.536975975135     -0.140486616326    
      391    0.642014280073     -0.637224206852     -0.426336691342    
      392    0.334423647830     -0.646451122565     -0.685756348790    
      393   -0.301363503206E-01 -0.570564631194     -0.820699580857    
      394    0.929401934569E-01 -0.779693674763      0.619225236868    
      395   -0.260787305464     -0.789443252495      0.555670165115    
      396   -0.459023280690     -0.817476368661      0.347893682704    
      397   -0.459324926920     -0.888137904566      0.152208404078E-01
      398   -0.376218578939     -0.849482410494     -0.369917849154    
      399   -0.271221317057     -0.711614920758     -0.648107399841    
      400    0.388780599746     -0.856962500737      0.338326643337    

   NODE        X                   Y                   Z
      401    0.586319200615     -0.808204853076     -0.550882061279E-01
      402    0.310261312874     -0.889470638159     -0.335529285736    
      403   -0.200479816429E-01 -0.843174150077     -0.537266629407    
      404   -0.961036101347E-01 -0.953044715739      0.287175670838    
      405   -0.767361922115E-01 -0.984248342195     -0.159269449965    
      406    0.240375293517     -0.970542527150      0.163377250792E-01

