
 LIST ALL SELECTED ELEMENTS.  (LIST NODES)
 
280 562

    ELEM MAT TYP REL ESY SEC        NODES
 
       1   1   1   1   0   1    284   300   294    49    83   106
       2   1   1   1   0   1    284   289   300   119    84    49
       3   1   1   1   0   1    273   287   288    50   100   123
       4   1   1   1   0   1    273   272   287   143   124    50
       5   1   1   1   0   1    270   295   271    51   102   145
       6   1   1   1   0   1    270   286   295   126   103    51
       7   1   1   1   0   1    259   277   276    52   138   165
       8   1   1   1   0   1    259   260   277   191   162    52
       9   1   1   1   0   1    292   303   302    53    69    80
      10   1   1   1   0   1    292   293   303    96    77    53
      11   1   1   1   0   1    257   284   258    54   139   193
      12   1   1   1   0   1    257   275   284   166   140    54
      13   1   1   1   0   1    252   270   271    55   145   175
      14   1   1   1   0   1    252   251   270   199   176    55
      15   1   1   1   0   1      1   257   258    56   193   225
      16   1   1   1   0   1      1     4   257     3   226    56
      17   1   1   1   0   1     14   248    24    57   245    25
      18   1   1   1   0   1     14   247   248   246   203    57
      19   1   1   1   0   1    304   302   305    61    59    58
      20   1   1   1   0   1    299   304   305    65    58    64
 
    ELEM MAT TYP REL ESY SEC        NODES
 
      21   1   1   1   0   1    297   301   304    68    60    67
      22   1   1   1   0   1    302   303   305    69    62    59
      23   1   1   1   0   1    301   302   304    70    61    60
      24   1   1   1   0   1    303   300   305    71    63    62
      25   1   1   1   0   1    300   299   305    72    64    63
      26   1   1   1   0   1    299   298   304    73    66    65
      27   1   1   1   0   1    298   297   304    74    67    66
      28   1   1   1   0   1    296   301   297    76    68    75
      29   1   1   1   0   1    301   291   302    82    79    70
      30   1   1   1   0   1    294   300   303    83    71    78
      31   1   1   1   0   1    289   299   300    85    72    84
      32   1   1   1   0   1    288   298   299    87    73    86
      33   1   1   1   0   1    295   297   298    90    74    89
      34   1   1   1   0   1    286   296   297    92    75    91
      35   1   1   1   0   1    296   290   301    94    81    76
      36   1   1   1   0   1    293   294   303    95    78    77
      37   1   1   1   0   1    291   292   302    97    80    79
      38   1   1   1   0   1    290   291   301    98    82    81
      39   1   1   1   0   1    289   288   299    99    86    85
      40   1   1   1   0   1    288   287   298   100    88    87
 
    ELEM MAT TYP REL ESY SEC        NODES
 
      41   1   1   1   0   1    287   295   298   101    89    88
      42   1   1   1   0   1    295   286   297   103    91    90
      43   1   1   1   0   1    286   285   296   104    93    92
      44   1   1   1   0   1    285   290   296   105    94    93
      45   1   1   1   0   1    293   282   294   109   107    95
      46   1   1   1   0   1    292   280   293   113   110    96
      47   1   1   1   0   1    291   279   292   115   112    97
      48   1   1   1   0   1    290   278   291   116   114    98
      49   1   1   1   0   1    274   288   289   122    99   121
      50   1   1   1   0   1    287   271   295   125   102   101
      51   1   1   1   0   1    269   285   286   128   104   127
      52   1   1   1   0   1    285   276   290   130   117   105
      53   1   1   1   0   1    283   284   294   131   106   108
      54   1   1   1   0   1    282   283   294   132   108   107
      55   1   1   1   0   1    281   282   293   133   109   111
      56   1   1   1   0   1    280   281   293   134   111   110
      57   1   1   1   0   1    279   280   292   135   113   112
      58   1   1   1   0   1    278   279   291   136   115   114
      59   1   1   1   0   1    277   278   290   137   116   118
      60   1   1   1   0   1    276   277   290   138   118   117
 
    ELEM MAT TYP REL ESY SEC        NODES
 
      61   1   1   1   0   1    284   275   289   140   120   119
      62   1   1   1   0   1    275   274   289   141   121   120
      63   1   1   1   0   1    274   273   288   142   123   122
      64   1   1   1   0   1    272   271   287   144   125   124
      65   1   1   1   0   1    270   269   286   146   127   126
      66   1   1   1   0   1    269   268   285   147   129   128
      67   1   1   1   0   1    268   276   285   148   130   129
      68   1   1   1   0   1    283   258   284   150   139   131
      69   1   1   1   0   1    282   267   283   152   149   132
      70   1   1   1   0   1    281   266   282   154   151   133
      71   1   1   1   0   1    280   265   281   156   153   134
      72   1   1   1   0   1    279   264   280   157   155   135
      73   1   1   1   0   1    278   262   279   161   158   136
      74   1   1   1   0   1    277   261   278   163   160   137
      75   1   1   1   0   1    256   274   275   168   141   167
      76   1   1   1   0   1    255   273   274   170   142   169
      77   1   1   1   0   1    254   272   273   172   143   171
      78   1   1   1   0   1    253   271   272   174   144   173
      79   1   1   1   0   1    250   269   270   178   146   177
      80   1   1   1   0   1    249   268   269   180   147   179
 
    ELEM MAT TYP REL ESY SEC        NODES
 
      81   1   1   1   0   1    268   247   276   182   164   148
      82   1   1   1   0   1    267   258   283   183   150   149
      83   1   1   1   0   1    266   267   282   184   152   151
      84   1   1   1   0   1    265   266   281   185   154   153
      85   1   1   1   0   1    264   265   280   186   156   155
      86   1   1   1   0   1    263   264   279   187   157   159
      87   1   1   1   0   1    262   263   279   188   159   158
      88   1   1   1   0   1    261   262   278   189   161   160
      89   1   1   1   0   1    260   261   277   190   163   162
      90   1   1   1   0   1    247   259   276   192   165   164
      91   1   1   1   0   1    257   256   275   194   167   166
      92   1   1   1   0   1    256   255   274   195   169   168
      93   1   1   1   0   1    255   254   273   196   171   170
      94   1   1   1   0   1    254   253   272   197   173   172
      95   1   1   1   0   1    253   252   271   198   175   174
      96   1   1   1   0   1    251   250   270   200   177   176
      97   1   1   1   0   1    250   249   269   201   179   178
      98   1   1   1   0   1    249   248   268   202   181   180
      99   1   1   1   0   1    248   247   268   203   182   181
     100   1   1   1   0   1    267    41   258   207   204   183
 
    ELEM MAT TYP REL ESY SEC        NODES
 
     101   1   1   1   0   1    266    43   267   209   206   184
     102   1   1   1   0   1    265    45   266   211   208   185
     103   1   1   1   0   1    264    47   265   213   210   186
     104   1   1   1   0   1    263    26   264   215   212   187
     105   1   1   1   0   1    262    28   263   217   214   188
     106   1   1   1   0   1    261    30   262   219   216   189
     107   1   1   1   0   1    260    32   261   221   218   190
     108   1   1   1   0   1    259    34   260   223   220   191
     109   1   1   1   0   1    247    36   259   224   222   192
     110   1   1   1   0   1      6   256   257   228   194   227
     111   1   1   1   0   1      8   255   256   230   195   229
     112   1   1   1   0   1     10   254   255   232   196   231
     113   1   1   1   0   1     12   253   254   234   197   233
     114   1   1   1   0   1      2   252   253   236   198   235
     115   1   1   1   0   1     16   251   252   238   199   237
     116   1   1   1   0   1     18   250   251   240   200   239
     117   1   1   1   0   1     20   249   250   242   201   241
     118   1   1   1   0   1     22   248   249   244   202   243
     119   1   1   1   0   1     39     1   258    38   225   205
     120   1   1   1   0   1     41    39   258    40   205   204
 
    ELEM MAT TYP REL ESY SEC        NODES
 
     121   1   1   1   0   1     43    41   267    42   207   206
     122   1   1   1   0   1     45    43   266    44   209   208
     123   1   1   1   0   1     47    45   265    46   211   210
     124   1   1   1   0   1     26    47   264    48   213   212
     125   1   1   1   0   1     28    26   263    27   215   214
     126   1   1   1   0   1     30    28   262    29   217   216
     127   1   1   1   0   1     32    30   261    31   219   218
     128   1   1   1   0   1     34    32   260    33   221   220
     129   1   1   1   0   1     36    34   259    35   223   222
     130   1   1   1   0   1     14    36   247    37   224   246
     131   1   1   1   0   1      4     6   257     5   227   226
     132   1   1   1   0   1      6     8   256     7   229   228
     133   1   1   1   0   1      8    10   255     9   231   230
     134   1   1   1   0   1     10    12   254    11   233   232
     135   1   1   1   0   1     12     2   253    13   235   234
     136   1   1   1   0   1      2    16   252    15   237   236
     137   1   1   1   0   1     16    18   251    17   239   238
     138   1   1   1   0   1     18    20   250    19   241   240
     139   1   1   1   0   1     20    22   249    21   243   242
     140   1   1   1   0   1     22    24   248    23   245   244
 
    ELEM MAT TYP REL ESY SEC        NODES
 
     141   1   1   1   0   1    507   543   526   306   386   437
     142   1   1   1   0   1    507   508   543   457   307   306
     143   1   1   1   0   1    508   527   543   434   387   307
     144   1   1   1   0   1    558   562   559   308   320   329
     145   1   1   1   0   1    558   561   562   321   318   308
     146   1   1   1   0   1    542   554   553   309   335   354
     147   1   1   1   0   1    542   543   554   367   351   309
     148   1   1   1   0   1    537   548   549   310   356   373
     149   1   1   1   0   1    537   536   548   395   374   310
     150   1   1   1   0   1    534   552   535   311   358   397
     151   1   1   1   0   1    534   547   552   376   359   311
     152   1   1   1   0   1    505   532   504   312   423   460
     153   1   1   1   0   1    505   525   532   439   407   312
     154   1   1   1   0   1    529   551   545   313   363   383
     155   1   1   1   0   1    529   530   551   403   364   313
     156   1   1   1   0   1    524   540   515   314   401   440
     157   1   1   1   0   1    524   539   540   408   392   314
     158   1   1   1   0   1    519   534   535   315   397   417
     159   1   1   1   0   1    519   518   534   446   418   315
     160   1   1   1   0   1      1   514     4   316   484     3
 
    ELEM MAT TYP REL ESY SEC        NODES
 
     161   1   1   1   0   1      1   515   514   482   450   316
     162   1   1   1   0   1     14   505   504   317   460   503
     163   1   1   1   0   1     14    24   505    25   501   317
     164   1   1   1   0   1    562   556   560   324   322   319
     165   1   1   1   0   1    561   555   562   325   323   318
     166   1   1   1   0   1    560   559   562   328   320   319
     167   1   1   1   0   1    558   553   561   330   326   321
     168   1   1   1   0   1    556   557   560   332   331   322
     169   1   1   1   0   1    555   556   562   333   324   323
     170   1   1   1   0   1    554   555   561   334   325   327
     171   1   1   1   0   1    553   554   561   335   327   326
     172   1   1   1   0   1    549   559   560   338   328   337
     173   1   1   1   0   1    552   558   559   341   329   340
     174   1   1   1   0   1    547   553   558   343   330   342
     175   1   1   1   0   1    557   550   560   344   336   331
     176   1   1   1   0   1    556   551   557   348   345   332
     177   1   1   1   0   1    555   545   556   350   347   333
     178   1   1   1   0   1    554   544   555   352   349   334
     179   1   1   1   0   1    550   549   560   355   337   336
     180   1   1   1   0   1    549   548   559   356   339   338
 
    ELEM MAT TYP REL ESY SEC        NODES
 
     181   1   1   1   0   1    548   552   559   357   340   339
     182   1   1   1   0   1    552   547   558   359   342   341
     183   1   1   1   0   1    547   541   553   360   353   343
     184   1   1   1   0   1    546   550   557   361   344   346
     185   1   1   1   0   1    551   546   557   362   346   345
     186   1   1   1   0   1    545   551   556   363   348   347
     187   1   1   1   0   1    544   545   555   365   350   349
     188   1   1   1   0   1    543   544   554   366   352   351
     189   1   1   1   0   1    541   542   553   368   354   353
     190   1   1   1   0   1    538   549   550   372   355   371
     191   1   1   1   0   1    548   535   552   375   358   357
     192   1   1   1   0   1    533   541   547   378   360   377
     193   1   1   1   0   1    546   540   550   379   369   361
     194   1   1   1   0   1    530   546   551   380   362   364
     195   1   1   1   0   1    544   528   545   385   382   365
     196   1   1   1   0   1    543   527   544   387   384   366
     197   1   1   1   0   1    542   526   543   389   386   367
     198   1   1   1   0   1    541   525   542   391   388   368
     199   1   1   1   0   1    540   539   550   392   370   369
     200   1   1   1   0   1    539   538   550   393   371   370
 
    ELEM MAT TYP REL ESY SEC        NODES
 
     201   1   1   1   0   1    538   537   549   394   373   372
     202   1   1   1   0   1    536   535   548   396   375   374
     203   1   1   1   0   1    534   533   547   398   377   376
     204   1   1   1   0   1    533   532   541   399   390   378
     205   1   1   1   0   1    531   540   546   400   379   381
     206   1   1   1   0   1    530   531   546   402   381   380
     207   1   1   1   0   1    528   529   545   404   383   382
     208   1   1   1   0   1    527   528   544   405   385   384
     209   1   1   1   0   1    525   526   542   406   389   388
     210   1   1   1   0   1    532   525   541   407   391   390
     211   1   1   1   0   1    523   538   539   410   393   409
     212   1   1   1   0   1    522   537   538   412   394   411
     213   1   1   1   0   1    521   536   537   414   395   413
     214   1   1   1   0   1    520   535   536   416   396   415
     215   1   1   1   0   1    517   533   534   420   398   419
     216   1   1   1   0   1    516   532   533   422   399   421
     217   1   1   1   0   1    531   515   540   424   401   400
     218   1   1   1   0   1    530   513   531   428   425   402
     219   1   1   1   0   1    529   512   530   430   427   403
     220   1   1   1   0   1    528   511   529   432   429   404
 
    ELEM MAT TYP REL ESY SEC        NODES
 
     221   1   1   1   0   1    527   510   528   433   431   405
     222   1   1   1   0   1    525   506   526   438   436   406
     223   1   1   1   0   1    524   523   539   441   409   408
     224   1   1   1   0   1    523   522   538   442   411   410
     225   1   1   1   0   1    522   521   537   443   413   412
     226   1   1   1   0   1    521   520   536   444   415   414
     227   1   1   1   0   1    520   519   535   445   417   416
     228   1   1   1   0   1    518   517   534   447   419   418
     229   1   1   1   0   1    517   516   533   448   421   420
     230   1   1   1   0   1    516   504   532   449   423   422
     231   1   1   1   0   1    514   515   531   450   424   426
     232   1   1   1   0   1    513   514   531   451   426   425
     233   1   1   1   0   1    512   513   530   452   428   427
     234   1   1   1   0   1    511   512   529   453   430   429
     235   1   1   1   0   1    510   511   528   454   432   431
     236   1   1   1   0   1    509   510   527   455   433   435
     237   1   1   1   0   1    508   509   527   456   435   434
     238   1   1   1   0   1    506   507   526   458   437   436
     239   1   1   1   0   1    505   506   525   459   438   439
     240   1   1   1   0   1     39   524   515   462   440   461
 
    ELEM MAT TYP REL ESY SEC        NODES
 
     241   1   1   1   0   1     41   523   524   464   441   463
     242   1   1   1   0   1     43   522   523   466   442   465
     243   1   1   1   0   1     45   521   522   468   443   467
     244   1   1   1   0   1     47   520   521   470   444   469
     245   1   1   1   0   1     26   519   520   472   445   471
     246   1   1   1   0   1     28   518   519   474   446   473
     247   1   1   1   0   1     30   517   518   476   447   475
     248   1   1   1   0   1     32   516   517   478   448   477
     249   1   1   1   0   1     34   504   516   480   449   479
     250   1   1   1   0   1    513     6   514   486   483   451
     251   1   1   1   0   1    512     8   513   488   485   452
     252   1   1   1   0   1    511    10   512   490   487   453
     253   1   1   1   0   1    510    12   511   492   489   454
     254   1   1   1   0   1    509     2   510   494   491   455
     255   1   1   1   0   1    508    16   509   496   493   456
     256   1   1   1   0   1    507    18   508   498   495   457
     257   1   1   1   0   1    506    20   507   500   497   458
     258   1   1   1   0   1    505    22   506   502   499   459
     259   1   1   1   0   1      1    39   515    38   461   482
     260   1   1   1   0   1     39    41   524    40   463   462
 
    ELEM MAT TYP REL ESY SEC        NODES
 
     261   1   1   1   0   1     41    43   523    42   465   464
     262   1   1   1   0   1     43    45   522    44   467   466
     263   1   1   1   0   1     45    47   521    46   469   468
     264   1   1   1   0   1     47    26   520    48   471   470
     265   1   1   1   0   1     26    28   519    27   473   472
     266   1   1   1   0   1     28    30   518    29   475   474
     267   1   1   1   0   1     30    32   517    31   477   476
     268   1   1   1   0   1     32    34   516    33   479   478
     269   1   1   1   0   1     34    36   504    35   481   480
     270   1   1   1   0   1     36    14   504    37   503   481
     271   1   1   1   0   1      6     4   514     5   484   483
     272   1   1   1   0   1      8     6   513     7   486   485
     273   1   1   1   0   1     10     8   512     9   488   487
     274   1   1   1   0   1     12    10   511    11   490   489
     275   1   1   1   0   1      2    12   510    13   492   491
     276   1   1   1   0   1     16     2   509    15   494   493
     277   1   1   1   0   1     18    16   508    17   496   495
     278   1   1   1   0   1     20    18   507    19   498   497
     279   1   1   1   0   1     22    20   506    21   500   499
     280   1   1   1   0   1     24    22   505    23   502   501

 LIST ALL SELECTED NODES.   DSYS=      0
 SORT TABLE ON  NODE  NODE  NODE

   NODE        X                   Y                   Z
        1     0.00000000000       0.00000000000      -1.00000000000    
        2    -1.00000000000      0.122464679915E-15   0.00000000000    
        3   -0.130526192195      0.159848483477E-16 -0.991444861377    
        4   -0.258819045053      0.316961915083E-16 -0.965925826302    
        5   -0.382683432293      0.468652040445E-16 -0.923879532541    
        6   -0.499999999910      0.612323399463E-16 -0.866025403837    
        7   -0.608761428905      0.745517735352E-16 -0.793353340371    
        8   -0.707106781086      0.865956056112E-16 -0.707106781287    
        9   -0.793353340225      0.971577628699E-16 -0.608761429095    
       10   -0.866025403751      0.106057523869E-15 -0.500000000057    
       11   -0.923879532492      0.113142611226E-15 -0.382683432412    
       12   -0.965925826272      0.118291797136E-15 -0.258819045165    
       13   -0.991444861362      0.121416977600E-15 -0.130526192310    
       14     0.00000000000       0.00000000000       1.00000000000    
       15   -0.991444861377      0.121416977602E-15  0.130526192194    
       16   -0.965925826300      0.118291797139E-15  0.258819045061    
       17   -0.923879532522      0.113142611230E-15  0.382683432340    
       18   -0.866025403766      0.106057523870E-15  0.500000000031    
       19   -0.793353340214      0.971577628686E-16  0.608761429110    
       20   -0.707106781054      0.865956056074E-16  0.707106781319    

   NODE        X                   Y                   Z
       21   -0.608761428866      0.745517735305E-16  0.793353340401    
       22   -0.499999999868      0.612323399411E-16  0.866025403861    
       23   -0.382683432248      0.468652040390E-16  0.923879532560    
       24   -0.258819045006      0.316961915025E-16  0.965925826315    
       25   -0.130526192148      0.159848483418E-16  0.991444861383    
       26     1.00000000000       0.00000000000       0.00000000000    
       27    0.991444861377       0.00000000000      0.130526192194    
       28    0.965925826300       0.00000000000      0.258819045061    
       29    0.923879532522       0.00000000000      0.382683432340    
       30    0.866025403766       0.00000000000      0.500000000031    
       31    0.793353340214       0.00000000000      0.608761429110    
       32    0.707106781054       0.00000000000      0.707106781319    
       33    0.608761428866       0.00000000000      0.793353340401    
       34    0.499999999868       0.00000000000      0.866025403861    
       35    0.382683432248       0.00000000000      0.923879532560    
       36    0.258819045006       0.00000000000      0.965925826315    
       37    0.130526192148       0.00000000000      0.991444861383    
       38    0.130526192195       0.00000000000     -0.991444861377    
       39    0.258819045053       0.00000000000     -0.965925826302    
       40    0.382683432293       0.00000000000     -0.923879532541    

   NODE        X                   Y                   Z
       41    0.499999999910       0.00000000000     -0.866025403837    
       42    0.608761428905       0.00000000000     -0.793353340371    
       43    0.707106781086       0.00000000000     -0.707106781287    
       44    0.793353340225       0.00000000000     -0.608761429095    
       45    0.866025403751       0.00000000000     -0.500000000057    
       46    0.923879532492       0.00000000000     -0.382683432412    
       47    0.965925826272       0.00000000000     -0.258819045165    
       48    0.991444861362       0.00000000000     -0.130526192310    
       49    0.145405524707E-01  0.728021454647     -0.685400126866    
       50   -0.742445759605      0.625040482234     -0.241036697648    
       51   -0.683433304863      0.647916562672      0.336337695806    
       52    0.442267888690      0.337021487561      0.831153193795    
       53    0.484401848827      0.848260255606     -0.214031277182    
       54   -0.134310794180      0.409558516693     -0.902342746394    
       55   -0.860308348943      0.388675178329      0.329850194011    
       56   -0.127954251499      0.116574527851     -0.984905116740    
       57   -0.118943881723      0.834624746118E-01  0.989386864847    
       58    0.142472688419E-01  0.994065248723     -0.107848489146    
       59    0.190725726483      0.974162708693     -0.120957489428    
       60    0.444085394519E-01  0.984308782950      0.170775002363    

   NODE        X                   Y                   Z
       61    0.120038352203      0.992728390023      0.900764356772E-02
       62    0.215751593829      0.932412502726     -0.289927878137    
       63    0.622217820003E-01  0.922239310314     -0.381579748357    
       64   -0.656667946574E-01  0.962888721228     -0.261788431012    
       65   -0.137241326536      0.981646362374     -0.132420683916    
       66   -0.239774096200      0.970801722332     -0.723869520656E-02
       67   -0.146858043722      0.975996473455      0.160821636594    
       68   -0.457874817083E-01  0.949479892559      0.310469708902    
       69    0.322403950025      0.930490580503     -0.173905067789    
       70    0.221449687542      0.962344692375      0.157647483154    
       71    0.193624938105      0.879049077806     -0.435639876677    
       72   -0.891821074204E-01  0.908980233212     -0.407187287800    
       73   -0.318617445329      0.934067825165     -0.161245841878    
       74   -0.330147790220      0.934631317303      0.132161784677    
       75   -0.137388180761      0.898915183516      0.416024014489    
       76    0.533538350180E-01  0.903647284428      0.424941117844    
       77    0.475366048194      0.788994915835     -0.389248176632    
       78    0.333593424690      0.800289397288     -0.498249242441    
       79    0.417769989438      0.897706509894      0.139968775155    
       80    0.458291995698      0.887734048478     -0.435511865627E-01

   NODE        X                   Y                   Z
       81    0.222789958128      0.851821559594      0.474093519433    
       82    0.342151772575      0.889565758120      0.302663057712    
       83    0.179005036243      0.787938767266     -0.589160161620    
       84   -0.128186400685      0.811349761229     -0.570333070787    
       85   -0.257227844923      0.854550588916     -0.451195220254    
       86   -0.375221343318      0.868292032276     -0.324465545481    
       87   -0.477580407988      0.855685092921     -0.199298709626    
       88   -0.569749717583      0.818846473783     -0.698262965306E-01
       89   -0.513495540280      0.852922702974      0.940488854996E-01
       90   -0.423755563148      0.866539761923      0.263704500733    
       91   -0.317264911173      0.851429142353      0.417625899209    
       92   -0.218870649915      0.815048255122      0.536462468797    
       93   -0.739074969097E-01  0.764846947147      0.639958459074    
       94    0.129822506256      0.803893551377      0.580431972693    
       95    0.461843953863      0.700361616846     -0.544236867484    
       96    0.612057874664      0.746941901759     -0.259736315248    
       97    0.577473104048      0.810258718057      0.100028115615    
       98    0.419024975283      0.784725516476      0.456753690605    
       99   -0.413613439865      0.769370709849     -0.486818891569    
      100   -0.622988170431      0.747118744049     -0.231731141182    

   NODE        X                   Y                   Z
      101   -0.661253659978      0.747693840983      0.608072143975E-01
      102   -0.734039555123      0.658411186596      0.166375000766    
      103   -0.503210561523      0.775493194854      0.381299666283    
      104   -0.254586812519      0.720599990171      0.644919536886    
      105    0.946856656985E-01  0.714250626334      0.693455598790    
      106    0.155029935088      0.647113252781     -0.746465107893    
      107    0.447186689210      0.603086186513     -0.660538505032    
      108    0.330927063291      0.589882341914     -0.736563711759    
      109    0.588145372418      0.591848273149     -0.551181133998    
      110    0.709688470033      0.619321427155     -0.335832168455    
      111    0.675102754033      0.576887055468     -0.459823440823    
      112    0.742174258071      0.669431284298      0.322354813797E-01
      113    0.718591129091      0.676696958864     -0.160337191742    
      114    0.614644282740      0.682695302903      0.395144946936    
      115    0.701918895988      0.678412553475      0.216947622116    
      116    0.499782505945      0.651219016764      0.571079012884    
      117    0.235110413084      0.616620077666      0.751333995956    
      118    0.409735479972      0.594196195686      0.692132731117    
      119   -0.153540168021      0.669474107220     -0.726794218858    
      120   -0.326107160407      0.626714896981     -0.707730568672    

   NODE        X                   Y                   Z
      121   -0.437264492089      0.652731434386     -0.618661004527    
      122   -0.556032845059      0.668846318787     -0.493428897674    
      123   -0.651206974390      0.662348778171     -0.370437002149    
      124   -0.793408530713      0.594918989007     -0.128741212948    
      125   -0.785090504998      0.619377121364      0.220918373901E-02
      126   -0.583389193264      0.643042394597      0.496138617659    
      127   -0.438427065601      0.635757072178      0.635290998932    
      128   -0.296375090188      0.594540429073      0.747451325582    
      129   -0.147096787935      0.543893972478      0.826160929651    
      130    0.306703657794E-01  0.581065409357      0.813278746010    
      131    0.168074953008      0.527983168361     -0.832456956304    
      132    0.458710244051      0.484066395799     -0.745160812484    
      133    0.660805917747      0.481048929815     -0.576131466069    
      134    0.781785722412      0.508106649812     -0.361439782882    
      135    0.839641847016      0.541231946663     -0.454922922200E-01
      136    0.776261629168      0.538681063138      0.327476098820    
      137    0.603144587633      0.491790198510      0.627980100847    
      138    0.345331755610      0.464604070880      0.815407282215    
      139    0.106907001220      0.405170383966     -0.907969081548    
      140   -0.184481708506      0.540845791885     -0.820641412937    

   NODE        X                   Y                   Z
      141   -0.466633126616      0.524529450583     -0.712125256268    
      142   -0.673040964442      0.544227381398     -0.500831725752    
      143   -0.818983044407      0.508459072365     -0.265962675397    
      144   -0.863275303005      0.504159387159     -0.240637395535E-01
      145   -0.808103032669      0.519935279560      0.276833512531    
      146   -0.621256495379      0.511247737475      0.593856984363    
      147   -0.332559279500      0.463158738785      0.821515860045    
      148   -0.702925300955E-02  0.452811648685      0.891578488086    
      149    0.442727792265      0.363151408665     -0.819825076672    
      150    0.283103857806      0.348647380111     -0.893474795412    
      151    0.662103280871      0.377384452497     -0.647456732511    
      152    0.557245310911      0.374232899052     -0.741233701834    
      153    0.821533134874      0.368517275752     -0.435061289679    
      154    0.748275840646      0.362663979463     -0.555480066524    
      155    0.894691838675      0.413243957978     -0.169575779530    
      156    0.857174557950      0.410383649559     -0.311186499350    
      157    0.915272319166      0.402200101636      0.226199029885E-01
      158    0.877065744032      0.399184788824      0.267221228605    
      159    0.914721568095      0.374199234552      0.152510280712    
      160    0.719873158810      0.398838650450      0.568076021437    

   NODE        X                   Y                   Z
      161    0.795774751821      0.408697068032      0.446888409949    
      162    0.551119324213      0.314567225992      0.772861534048    
      163    0.633512220063      0.346308185651      0.691905273561    
      164    0.122961343672      0.361294532414      0.924308805979    
      165    0.269963737910      0.360905907183      0.892673796173    
      166   -0.306463207681      0.366932654982     -0.878316986654    
      167   -0.457325352409      0.386832291273     -0.800758578145    
      168   -0.568517578747      0.412247594037     -0.711926740520    
      169   -0.675693552994      0.415813264233     -0.608717957457    
      170   -0.771506938367      0.410102171189     -0.486408525047    
      171   -0.840271625654      0.404553473588     -0.360943322598    
      172   -0.892558884782      0.375994714732     -0.248930937590    
      173   -0.920016107646      0.376894531537     -0.107335333272    
      174   -0.915216719168      0.402280196637      0.234307564862E-01
      175   -0.904245989969      0.396475085231      0.158577099277    
      176   -0.823309313643      0.359696482859      0.439067437061    
      177   -0.748189093912      0.381139263335      0.543089257577    
      178   -0.612969666939      0.382997002462      0.691072704943    
      179   -0.491432022764      0.372596857467      0.787188763136    
      180   -0.347211476973      0.329301372063      0.878068788089    

   NODE        X                   Y                   Z
      181   -0.210705206140      0.290583338071      0.933362008945    
      182   -0.545458576349E-01  0.327535937960      0.943262931933    
      183    0.382918831316      0.239198835862     -0.892276350435    
      184    0.644789812535      0.255556631397     -0.720372754759    
      185    0.821747170580      0.263923793850     -0.505050313022    
      186    0.931195169012      0.271919419017     -0.242766115368    
      187    0.968511766343      0.247357588314      0.282698064959E-01
      188    0.930969538133      0.244738441487      0.270922155474    
      189    0.821013565184      0.260984234054      0.507763680621    
      190    0.666233846072      0.221577546895      0.712064500632    
      191    0.477182908796      0.213083677674      0.852579508235    
      192    0.222077367658      0.236806901865      0.945835151600    
      193   -0.170924308223E-01  0.231730698931     -0.972629802125    
      194   -0.407513527411      0.253497522969     -0.877309370077    
      195   -0.663951725400      0.276428517844     -0.694806002321    
      196   -0.840426946370      0.275000137270     -0.466966243230    
      197   -0.940863856714      0.272320852085     -0.201535497245    
      198   -0.960278340089      0.268824649376      0.748252460326E-01
      199   -0.917431192250      0.236768904974      0.319781946214    
      200   -0.812581170280      0.232079817758      0.534650165899    

   NODE        X                   Y                   Z
      201   -0.623453771350      0.246812245121      0.741882140672    
      202   -0.371983360437      0.203040394957      0.905760993626    
      203   -0.813187528070E-01  0.202916873290      0.975813508298    
      204    0.365631381955      0.112307012099     -0.923959321379    
      205    0.240345436000      0.111101229354     -0.964308347070    
      206    0.629274723699      0.126764647782     -0.766775094917    
      207    0.522055795554      0.126204229452     -0.843522518251    
      208    0.813633973125      0.129482655487     -0.566775087406    
      209    0.731242860918      0.129135122231     -0.669782053031    
      210    0.936634918248      0.134964449421     -0.323264021058    
      211    0.885367084175      0.134853150718     -0.444904207669    
      212    0.989255067519      0.137141525795     -0.506617537277E-01
      213    0.973694657231      0.137375974452     -0.181787117591    
      214    0.971648120168      0.110371027244      0.209088897168    
      215    0.990731860565      0.110585405679      0.788748915141E-01
      216    0.885043839066      0.134812495756      0.445559192385    
      217    0.936399534144      0.134936810346      0.323956740429    
      218    0.730283155264      0.126120051344      0.671401702252    
      219    0.812837317134      0.126491137942      0.568590791252    
      220    0.544593684484      0.955940122325E-01  0.833234362977    

   NODE        X                   Y                   Z
      221    0.649595564315      0.957137773437E-01  0.754231049247    
      222    0.314362650571      0.117444705144      0.942010013301    
      223    0.436257091905      0.117510033387      0.892116103328    
      224    0.168702922603      0.119092361705      0.978445876525    
      225    0.110792104515      0.111789739274     -0.987536411364    
      226   -0.257156023513      0.115589640547     -0.959432027071    
      227   -0.381778285110      0.116572230448     -0.916873086151    
      228   -0.531082406686      0.136443998390     -0.836262227182    
      229   -0.637542944501      0.136838146199     -0.758165097892    
      230   -0.743497774525      0.140049315737     -0.653909205042    
      231   -0.823925831243      0.140051540786     -0.549119104142    
      232   -0.895003852363      0.135535857176     -0.424968393737    
      233   -0.943592997852      0.135250728345     -0.302224246027    
      234   -0.977229926139      0.137634212882     -0.161488373895    
      235   -0.990111044574      0.137024915621     -0.300714467698E-01
      236   -0.985538364006      0.132645188796      0.105448503840    
      237   -0.962893649525      0.131911222722      0.235446913389    
      238   -0.932093440310      0.105464243074      0.346524330985    
      239   -0.878245416296      0.105058207784      0.466527342963    
      240   -0.809104240916      0.127330663711      0.573704827774    

   NODE        X                   Y                   Z
      241   -0.725896911834      0.126850647986      0.676004871650    
      242   -0.612446889492      0.119877468567      0.781369438922    
      243   -0.503656572425      0.118998191310      0.855669029192    
      244   -0.372639196443      0.836901096115E-01  0.924194781866    
      245   -0.247957060282      0.828660971334E-01  0.965220444356    
      246    0.376921666614E-01  0.118678583597      0.992217060107    
      247    0.747976215876E-01  0.235509830628      0.968989388736    
      248   -0.235363028462      0.165153352177      0.957772736665    
      249   -0.500120327483      0.236296946298      0.833092678643    
      250   -0.732048099644      0.251492637856      0.633132713506    
      251   -0.879656884883      0.208823466884      0.427313145781    
      252   -0.942571733854      0.261453844718      0.207847091922    
      253   -0.960639761176      0.271339764677     -0.595481431462E-01
      254   -0.901750887678      0.267705076712     -0.339380801570    
      255   -0.762217240471      0.276769925702     -0.585169451146    
      256   -0.551294126241      0.270095134484     -0.789381659719    
      257   -0.252045594020      0.229629697923     -0.940076177960    
      258    0.218822474599      0.220792875901     -0.950456327540    
      259    0.364420528231      0.232839962953      0.901655826941    
      260    0.582542201975      0.190021580186      0.790276142865    

   NODE        X                   Y                   Z
      261    0.740520179482      0.250005474279      0.623800550345    
      262    0.885033910214      0.266726534793      0.381538901566    
      263    0.963099239079      0.219120969439      0.156287736043    
      264    0.957251177224      0.271335898720     -0.100234793209    
      265    0.885589245416      0.266794145057     -0.380200700375    
      266    0.741740116646      0.255861672273     -0.619964840954    
      267    0.535278226761      0.250273039736     -0.806746940209    
      268   -0.182478759672      0.411091837992      0.893143327247    
      269   -0.472541431069      0.501161537943      0.724942555524    
      270   -0.745493228282      0.501190096835      0.439372658936    
      271   -0.845911877323      0.522723469909      0.105798250509    
      272   -0.865522562155      0.476767347408     -0.153504367516    
      273   -0.759489538224      0.532108417217     -0.374214208249    
      274   -0.570673477067      0.543474159312     -0.615603460624    
      275   -0.353026912073      0.494832017391     -0.794048659666    
      276    0.168648883767      0.479803524719      0.861014594343    
      277    0.510436383193      0.433827424012      0.742461086447    
      278    0.680737753201      0.537428518608      0.497761688717    
      279    0.842191646884      0.519397166827      0.144705953608    
      280    0.806311925828      0.543225903844     -0.234022852858    

   NODE        X                   Y                   Z
      281    0.743132673886      0.463805923498     -0.482325506615    
      282    0.567989149118      0.490655489263     -0.660791583890    
      283    0.340668385276      0.468229958347     -0.815294889828    
      284   -0.101747855719E-01  0.569967909756     -0.821603953001    
      285   -0.108276438718      0.663982622105      0.739867076144    
      286   -0.392336122495      0.752985535512      0.528285103231    
      287   -0.705606069196      0.701307025101     -0.101432399443    
      288   -0.524233511909      0.773578449178     -0.356027538204    
      289   -0.290849311789      0.742573566722     -0.603316812162    
      290    0.293304111284      0.731752730699      0.615232183341    
      291    0.526423015043      0.803384386467      0.278302599368    
      292    0.608637814562      0.789231661391     -0.816908522613E-01
      293    0.594973807774      0.679629358756     -0.429080531812    
      294    0.314205564871      0.699092458652     -0.642296346915    
      295   -0.596772315615      0.771320433755      0.221195822264    
      296   -0.379616227686E-01  0.849392063298      0.526395324830    
      297   -0.233445979734      0.926396898026      0.295451792810    
      298   -0.414936986093      0.909141740786     -0.358969738583E-01
      299   -0.214137760569      0.935071402892     -0.282465026141    
      300    0.386140232234E-01  0.853937764100     -0.518940509360    

   NODE        X                   Y                   Z
      301    0.143518178587      0.938406226870      0.314318764612    
      302    0.292473680121      0.956265451399     -0.394117969018E-02
      303    0.342517700476      0.876384236364     -0.338573913811    
      304   -0.561459127255E-01  0.998187269233      0.216751476660E-01
      305    0.843305927773E-01  0.968323736972     -0.235026576237    
      306   -0.708274283993     -0.462179457325      0.533608178218    
      307   -0.794153328041     -0.455859881997      0.401885878761    
      308    0.113826265907     -0.991434603898      0.640391082265E-01
      309   -0.338327461434     -0.814844383929      0.470704959416    
      310    0.716275534093     -0.628772961376     -0.302644878204    
      311    0.681789421432     -0.666426435567      0.301726682281    
      312    0.803365003531E-02 -0.307314095659      0.951574225731    
      313   -0.540040981695     -0.648611028352     -0.536338952520    
      314    0.196067445931     -0.357311696755     -0.913173536634    
      315    0.863450789659     -0.396097290481      0.312345434274    
      316   -0.134258917764     -0.713286602720E-01 -0.988375821854    
      317   -0.780268236743E-01 -0.101122007650      0.991809535322    
      318   -0.510434250160E-01 -0.997358525644      0.516772685887E-01
      319    0.761622366464E-01 -0.966545094342     -0.244928345261    
      320    0.198352653866     -0.974295428525     -0.106792521549    

   NODE        X                   Y                   Z
      321    0.510109435720E-01 -0.977771020061      0.203375799848    
      322   -0.385590825788E-01 -0.926228484720     -0.374985321372    
      323   -0.167386291578     -0.984173801901     -0.581700700021E-01
      324   -0.103401071608     -0.970530905138     -0.217664835385    
      325   -0.229137713821     -0.969977088789      0.814883754293E-01
      326   -0.732328663761E-01 -0.937561276196      0.340023235472    
      327   -0.249777487319     -0.934246760107      0.254547044881    
      328    0.263023781172     -0.927995009895     -0.263901027181    
      329    0.300942634533     -0.952555984791      0.455041378292E-01
      330    0.917131089357E-01 -0.930840491413      0.353729678138    
      331    0.271983144462E-01 -0.870559489316     -0.491310927268    
      332   -0.151480694868     -0.873061004077     -0.463484716298    
      333   -0.281671871090     -0.940984955931     -0.187638668051    
      334   -0.366537208803     -0.918983557289      0.145326171063    
      335   -0.210871342506     -0.889246496790      0.405923570216    
      336    0.177138063840     -0.818590811449     -0.546380078105    
      337    0.317284145876     -0.851513923120     -0.417438390074    
      338    0.438342345844     -0.854715370535     -0.278060466824    
      339    0.541119919181     -0.828175334117     -0.145996058256    
      340    0.490273789906     -0.871271614564      0.227460894696E-01

   NODE        X                   Y                   Z
      341    0.407138418420     -0.892470579512      0.194253887866    
      342    0.298731618235     -0.881820541336      0.364899922095    
      343    0.174639786258     -0.845551417557      0.504523285214    
      344    0.631814453247E-01 -0.768921238783     -0.636213984061    
      345   -0.237040328074     -0.782637049391     -0.575578953566    
      346   -0.122663476998     -0.727703358814     -0.674834418937    
      347   -0.390759629084     -0.862973039947     -0.320288065033    
      348   -0.303204901781     -0.835501556152     -0.458261865317    
      349   -0.507906363119     -0.861324020538      0.123311778403E-01
      350   -0.454836653069     -0.875986920147     -0.160532036542    
      351   -0.534547055830     -0.756076119779      0.377635202548    
      352   -0.529824403284     -0.827290117819      0.186754284141    
      353    0.274245524362E-01 -0.786968801895      0.616382996819    
      354   -0.161022569612     -0.816068746806      0.555070745548    
      355    0.353521374641     -0.747765079235     -0.562023152502    
      356    0.592960243744     -0.748006173692     -0.298135729922    
      357    0.645028351885     -0.764155802068      0.208216968292E-02
      358    0.727141527328     -0.676142857770      0.118726724549    
      359    0.489016637807     -0.802073581451      0.342842088849    
      360    0.234603658118     -0.740538391622      0.629733288092    

   NODE        X                   Y                   Z
      361    0.263821115378E-01 -0.678457657042     -0.734165643293    
      362   -0.274113776776     -0.689591120243     -0.670317629384    
      363   -0.474716754278     -0.767655427211     -0.430521948664    
      364   -0.440613352786     -0.615611499489     -0.653362345903    
      365   -0.615155381445     -0.779264942415     -0.119708003917    
      366   -0.675313867104     -0.696013468797      0.243959898652    
      367   -0.487929214602     -0.691247716781      0.533011890658    
      368   -0.101453412758     -0.720086471298      0.686427475334    
      369    0.148528192551     -0.590873499564     -0.792974074942    
      370    0.280711629786     -0.591109512031     -0.756168318359    
      371    0.391850878913     -0.629265310382     -0.671176621945    
      372    0.528655607486     -0.656768427008     -0.537753179404    
      373    0.615296509560     -0.657349765447     -0.435087912025    
      374    0.777365060476     -0.601547016677     -0.183969425388    
      375    0.774613158447     -0.630462822725     -0.499107595822E-01
      376    0.577773876936     -0.662595972158      0.476596186315    
      377    0.431155479150     -0.652705087997      0.622961492310    
      378    0.286752775987     -0.604172918759      0.743470194226    
      379   -0.379555171565E-01 -0.551864282682     -0.833069740308    
      380   -0.327725208376     -0.564759157616     -0.757392422516    

   NODE        X                   Y                   Z
      381   -0.205252982917     -0.509168306976     -0.835834222902    
      382   -0.696967909371     -0.672786055007     -0.248182709903    
      383   -0.625440632023     -0.672141763002     -0.396294670975    
      384   -0.778410243649     -0.621973051880      0.850118539808E-01
      385   -0.749622042103     -0.657559507571     -0.753809524770E-01
      386   -0.591637499481     -0.567483149591      0.572649931579    
      387   -0.786060535649     -0.553024443650      0.276175304873    
      388   -0.249431325899     -0.625062040900      0.739649551265    
      389   -0.397999952852     -0.629769617746      0.667072909129    
      390    0.130345811993     -0.546492860197      0.827257833477    
      391   -0.607372506045E-01 -0.595305756541      0.801200376072    
      392    0.216038482459     -0.467506844201     -0.857184183663    
      393    0.456652121512     -0.503229682609     -0.733640733915    
      394    0.649331227551     -0.535533248944     -0.539975088502    
      395    0.798329967927     -0.510279172430     -0.319819368541    
      396    0.856344666906     -0.511882991180     -0.681880840147E-01
      397    0.810233239351     -0.530982543491      0.248152445802    
      398    0.624664113312     -0.518474846402      0.583933711296    
      399    0.327806884293     -0.461687839931      0.824249346418    
      400   -0.837624907263E-01 -0.426223215864     -0.900731711114    

   NODE        X                   Y                   Z
      401    0.523717579809E-01 -0.340898806047     -0.938640081715    
      402   -0.371808969844     -0.435749560328     -0.819683115977    
      403   -0.590144060260     -0.519069392287     -0.618301669196    
      404   -0.758066101471     -0.549342439950     -0.351509131418    
      405   -0.857112211731     -0.513320889070     -0.431314426684E-01
      406   -0.357730139890     -0.507732089010      0.783732909098    
      407   -0.180985103289E-01 -0.457757185779      0.888893021005    
      408    0.327247498469     -0.357630405709     -0.874648253676    
      409    0.452357541057     -0.369076871112     -0.811883562008    
      410    0.561194426446     -0.402965236108     -0.722965997965    
      411    0.663325182528     -0.409914211251     -0.626075108624    
      412    0.748210562121     -0.409187988459     -0.522251036219    
      413    0.820713414027     -0.405341697525     -0.402650717475    
      414    0.881007340138     -0.378653930932     -0.283632274632    
      415    0.913381057606     -0.379789375337     -0.146611984463    
      416    0.912628114509     -0.408592607615     -0.127281424055E-01
      417    0.904950222966     -0.405371175285      0.129380462982    
      418    0.827297560277     -0.364895485851      0.427118287088    
      419    0.752761429329     -0.386886770930      0.532605723771    
      420    0.615730702451     -0.386190879313      0.686827712600    

   NODE        X                   Y                   Z
      421    0.494878243468     -0.371165233884      0.785704711261    
      422    0.343913148733     -0.321354662384      0.882300927741    
      423    0.206668089266     -0.283322574131      0.936491654991    
      424   -0.115179684365     -0.300485873267     -0.946806147148    
      425   -0.395223281377     -0.303018285939     -0.867166925248    
      426   -0.258695695453     -0.261832216527     -0.929795906392    
      427   -0.616204010876     -0.378515271639     -0.690665480617    
      428   -0.514171126934     -0.354215040585     -0.781127234994    
      429   -0.792740913895     -0.417491125847     -0.444142998680    
      430   -0.712536269029     -0.408510239204     -0.570448463740    
      431   -0.899379145953     -0.409088015140     -0.154156244422    
      432   -0.860592839275     -0.415465894716     -0.294564178605    
      433   -0.927573586944     -0.373597361133      0.567913358670E-02
      434   -0.892625078134     -0.380908109982      0.241100563325    
      435   -0.930562892027     -0.344486601290      0.124022923345    
      436   -0.499827125478     -0.389273323212      0.773717729196    
      437   -0.620324174189     -0.406272948342      0.670924891744    
      438   -0.354220806878     -0.386679085413      0.851473372971    
      439   -0.182815050617     -0.352670825698      0.917715612796    
      440    0.164309714995     -0.231885419958     -0.958765596780    

   NODE        X                   Y                   Z
      441    0.431486334559     -0.257494646194     -0.864590105351    
      442    0.656903075099     -0.274508932509     -0.702227310703    
      443    0.829542874766     -0.276731548503     -0.485054913374    
      444    0.934260837376     -0.273922613107     -0.228304817676    
      445    0.960800515113     -0.272608366453      0.504682939891E-01
      446    0.920665532177     -0.240364911574      0.307570621396    
      447    0.816079610033     -0.233574893586      0.528636774330    
      448    0.627684290194     -0.243841869807      0.739292617556    
      449    0.376253322485     -0.196284823261      0.905486446876    
      450   -0.123669753077     -0.179598766045     -0.975935487319    
      451   -0.403185400378     -0.182116263366     -0.896813915782    
      452   -0.635557816027     -0.243526967752     -0.732639664818    
      453   -0.813603821439     -0.274234971813     -0.512683139937    
      454   -0.929553588567     -0.275470818229     -0.245042760118    
      455   -0.970626707766     -0.240220535465      0.133374852098E-01
      456   -0.936613764101     -0.247698458804      0.247790496998    
      457   -0.816882867403     -0.291775682295      0.497563395121    
      458   -0.615372026183     -0.283828960549      0.735362761190    
      459   -0.328207808907     -0.236750209004      0.914455560817    
      460    0.431278395725E-01 -0.183716220387      0.982032759036    

   NODE        X                   Y                   Z
      461    0.141632060402     -0.108519345030     -0.983953205808    
      462    0.283860910883     -0.123296434205     -0.950905343652    
      463    0.407353444223     -0.123882219914     -0.904829468501    
      464    0.530340173700     -0.134001993602     -0.837127687913    
      465    0.636854109504     -0.134409272344     -0.759177838662    
      466    0.737386862024     -0.140765911382     -0.660640275723    
      467    0.818762406821     -0.140937400514     -0.556565153700    
      468    0.889557676092     -0.136509886879     -0.435949758219    
      469    0.939639145649     -0.136443483856     -0.313785677935    
      470    0.974492257999     -0.138106670714     -0.176893715561    
      471    0.989408835679     -0.137780302242     -0.456808952946E-01
      472    0.986070130610     -0.135468620047      0.965088104823E-01
      473    0.964567722984     -0.134877877713      0.226753315040    
      474    0.933401539982     -0.106001393285      0.342819587803    
      475    0.880018994366     -0.105647919871      0.463038968751    
      476    0.810791786217     -0.128213841908      0.571119856200    
      477    0.727887267580     -0.127782365401      0.673685232722    
      478    0.614276948350     -0.115854422085      0.780539290240    
      479    0.505682844450     -0.115035333412      0.855015633129    
      480    0.374457068279     -0.808141035765E-01  0.923715857111    

   NODE        X                   Y                   Z
      481    0.249880255330     -0.800384736737E-01  0.964963056665    
      482    0.104545022174E-01 -0.107750844557     -0.994122959639    
      483   -0.386712847069     -0.712390768662E-01 -0.919444488721    
      484   -0.262767893737     -0.706770721127E-01 -0.962267003226    
      485   -0.626399709961     -0.110707781746     -0.771600408516    
      486   -0.518994312017     -0.110145157358     -0.847651430958    
      487   -0.807727273943     -0.133582874493     -0.574223185330    
      488   -0.724321967296     -0.133055896436     -0.676501157512    
      489   -0.935465235773     -0.141199541458     -0.323986854907    
      490   -0.884011989942     -0.141061053816     -0.445673177041    
      491   -0.989507722492     -0.134590231380     -0.525351001316E-01
      492   -0.973718796006     -0.134788016370     -0.183586211216    
      493   -0.974820887818     -0.106099095818      0.196130616020    
      494   -0.992177996570     -0.106119308105      0.657382352202E-01
      495   -0.888659614111     -0.142169279234      0.435972460472    
      496   -0.938819216953     -0.142105950324      0.313726595559    
      497   -0.724687349193     -0.149662120729      0.672628794758    
      498   -0.807932146149     -0.150187188503      0.569815282024    
      499   -0.499695996879     -0.133609082807      0.855834402028    
      500   -0.608914255562     -0.134654355232      0.781723502263    

   NODE        X                   Y                   Z
      501   -0.208129992257     -0.100940122880      0.972878716961    
      502   -0.334560957258     -0.102491252077      0.936784131551    
      503    0.120944834398     -0.806353180617E-01  0.989378740682    
      504    0.239320495897     -0.159557738877      0.957740585027    
      505   -0.154775495462     -0.200587542837      0.967372308712    
      506   -0.490419784397     -0.264819169647      0.830276605993    
      507   -0.724950383832     -0.295747831863      0.622077294980    
      508   -0.889233793952     -0.280809357200      0.361122367908    
      509   -0.968834353755     -0.210578485026      0.130448061038    
      510   -0.958251065743     -0.266356146644     -0.103967774564    
      511   -0.881513240862     -0.278853279818     -0.381018706260    
      512   -0.727820713016     -0.263592121555     -0.633084672977    
      513   -0.531329749366     -0.218877114627     -0.818401799932    
      514   -0.265396536372     -0.140999046436     -0.953773530449    
      515    0.207861213718E-01 -0.214235176990     -0.976560917761    
      516    0.504596295999     -0.228530730492      0.832560077883    
      517    0.735655195914     -0.253280344826      0.628220104462    
      518    0.882815732474     -0.209951636738      0.420186497555    
      519    0.944668604964     -0.267163119727      0.190328910715    
      520    0.957859688238     -0.272642096842     -0.903941628524E-01

   NODE        X                   Y                   Z
      521    0.892371126686     -0.269840301434     -0.361745744935    
      522    0.750787375139     -0.278309541665     -0.599051013145    
      523    0.550226208576     -0.265362521358     -0.791728395130    
      524    0.304345469090     -0.244613378605     -0.920618341362    
      525   -0.206031701770     -0.495450183469      0.843848359344    
      526   -0.499849592018     -0.506418387065      0.702631341887    
      527   -0.874203734333     -0.471698803756      0.115187106106    
      528   -0.816802135562     -0.541037480568     -0.200281591671    
      529   -0.679325716627     -0.543150986906     -0.493460815214    
      530   -0.486728996757     -0.482468607032     -0.728229995911    
      531   -0.248057381172     -0.378680173891     -0.891666339809    
      532    0.170536336251     -0.402317551700      0.899476484191    
      533    0.473958885427     -0.505398609859      0.721065336899    
      534    0.749328258428     -0.509936832822      0.422458977480    
      535    0.843156729774     -0.533690715936      0.652759431979E-01
      536    0.853722644538     -0.480624808365     -0.200393212926    
      537    0.728399433901     -0.530641181017     -0.433421505812    
      538    0.558815714524     -0.530984197953     -0.637009245400    
      539    0.345106447441     -0.465136133565     -0.815199311326    
      540    0.829896002634E-01 -0.461262857944     -0.883373817888    

   NODE        X                   Y                   Z
      541    0.865554842568E-01 -0.675575494305      0.732192529080    
      542   -0.285462710607     -0.736209470279      0.613601382597    
      543   -0.666238874670     -0.612063041781      0.426033560608    
      544   -0.657186644262     -0.751927883028      0.520593250851E-01
      545   -0.553428099965     -0.781651530242     -0.287642527176    
      546   -0.157937823053     -0.628466654564     -0.761633316072    
      547    0.374056813562     -0.778370675696      0.504202926851    
      548    0.684898605204     -0.710003725946     -0.163733349480    
      549    0.484442210914     -0.765093734355     -0.424201982474    
      550    0.209719908401     -0.703191437026     -0.679366883881    
      551   -0.383280200683     -0.733081632692     -0.561860843603    
      552    0.584506309132     -0.793842000571      0.167831024288    
      553   -0.325103790600E-01 -0.875290715235      0.482503097479    
      554   -0.381246224191     -0.869524894090      0.313970978114    
      555   -0.340427572022     -0.939858536892     -0.278388009683E-01
      556   -0.214750643809     -0.914832692784     -0.341998984204    
      557   -0.851043701703E-01 -0.813385677283     -0.575465886191    
      558    0.212717480919     -0.953717909569      0.212540401523    
      559    0.378428306800     -0.917401012651     -0.123155992951    
      560    0.138876449747     -0.907742822378     -0.395874096307    

   NODE        X                   Y                   Z
      561   -0.112063276049     -0.975608577609      0.188758378506    
      562    0.111497976301E-01 -0.996181481977     -0.865917835554E-01

