
 LIST ALL SELECTED ELEMENTS.  (LIST NODES)
 
136 274

    ELEM MAT TYP REL ESY SEC        NODES
 
       1   1   1   1   0   1    146   153   152    33    39    46
       2   1   1   1   0   1    146   147   153    58    40    33
       3   1   1   1   0   1      1   133   134    34    94   113
       4   1   1   1   0   1      1     4   133     3   114    34
       5   1   1   1   0   1     10   128    16    35   125    17
       6   1   1   1   0   1     10   127   128   126   100    35
       7   1   1   1   0   1    152   153   150    39    36    37
       8   1   1   1   0   1    151   150   153    42    36    38
       9   1   1   1   0   1    150   149   152    43    41    37
      10   1   1   1   0   1    147   151   153    44    38    40
      11   1   1   1   0   1    149   145   152    47    45    41
      12   1   1   1   0   1    142   150   151    51    42    50
      13   1   1   1   0   1    140   149   150    54    43    53
      14   1   1   1   0   1    147   148   151    57    48    44
      15   1   1   1   0   1    145   146   152    59    46    45
      16   1   1   1   0   1    144   145   149    60    47    56
      17   1   1   1   0   1    148   143   151    61    49    48
      18   1   1   1   0   1    143   142   151    62    50    49
      19   1   1   1   0   1    142   141   150    63    52    51
      20   1   1   1   0   1    141   140   150    64    53    52
 
    ELEM MAT TYP REL ESY SEC        NODES
 
      21   1   1   1   0   1    140   139   149    65    55    54
      22   1   1   1   0   1    139   144   149    66    56    55
      23   1   1   1   0   1    147   138   148    70    67    57
      24   1   1   1   0   1    146   137   147    72    69    58
      25   1   1   1   0   1    145   136   146    74    71    59
      26   1   1   1   0   1    144   135   145    76    73    60
      27   1   1   1   0   1    134   143   148    77    61    68
      28   1   1   1   0   1    132   142   143    80    62    79
      29   1   1   1   0   1    131   141   142    82    63    81
      30   1   1   1   0   1    130   140   141    84    64    83
      31   1   1   1   0   1    129   139   140    86    65    85
      32   1   1   1   0   1    139   127   144    88    75    66
      33   1   1   1   0   1    138   134   148    89    68    67
      34   1   1   1   0   1    137   138   147    90    70    69
      35   1   1   1   0   1    136   137   146    91    72    71
      36   1   1   1   0   1    135   136   145    92    74    73
      37   1   1   1   0   1    127   135   144    93    76    75
      38   1   1   1   0   1    134   133   143    94    78    77
      39   1   1   1   0   1    133   132   143    95    79    78
      40   1   1   1   0   1    132   131   142    96    81    80
 
    ELEM MAT TYP REL ESY SEC        NODES
 
      41   1   1   1   0   1    131   130   141    97    83    82
      42   1   1   1   0   1    130   129   140    98    85    84
      43   1   1   1   0   1    129   128   139    99    87    86
      44   1   1   1   0   1    128   127   139   100    88    87
      45   1   1   1   0   1    138    29   134   104   101    89
      46   1   1   1   0   1    137    31   138   106   103    90
      47   1   1   1   0   1    136    18   137   108   105    91
      48   1   1   1   0   1    135    20   136   110   107    92
      49   1   1   1   0   1    127    22   135   111   109    93
      50   1   1   1   0   1      6   132   133   116    95   115
      51   1   1   1   0   1      8   131   132   118    96   117
      52   1   1   1   0   1      2   130   131   120    97   119
      53   1   1   1   0   1     12   129   130   122    98   121
      54   1   1   1   0   1     14   128   129   124    99   123
      55   1   1   1   0   1     27     1   134    26   113   102
      56   1   1   1   0   1     29    27   134    28   102   101
      57   1   1   1   0   1     31    29   138    30   104   103
      58   1   1   1   0   1     18    31   137    32   106   105
      59   1   1   1   0   1     20    18   136    19   108   107
      60   1   1   1   0   1     22    20   135    21   110   109
 
    ELEM MAT TYP REL ESY SEC        NODES
 
      61   1   1   1   0   1     24    22   127    23   111   112
      62   1   1   1   0   1     10    24   127    25   112   126
      63   1   1   1   0   1      4     6   133     5   115   114
      64   1   1   1   0   1      6     8   132     7   117   116
      65   1   1   1   0   1      8     2   131     9   119   118
      66   1   1   1   0   1      2    12   130    11   121   120
      67   1   1   1   0   1     12    14   129    13   123   122
      68   1   1   1   0   1     14    16   128    15   125   124
      69   1   1   1   0   1    267   274   268   154   160   179
      70   1   1   1   0   1    267   273   274   166   161   154
      71   1   1   1   0   1      1   254     4   155   236     3
      72   1   1   1   0   1      1   255   254   234   215   155
      73   1   1   1   0   1     10   249   248   156   221   247
      74   1   1   1   0   1     10    16   249    17   245   156
      75   1   1   1   0   1    274   273   271   161   158   157
      76   1   1   1   0   1    271   272   274   163   159   157
      77   1   1   1   0   1    270   271   273   164   158   162
      78   1   1   1   0   1    272   268   274   165   160   159
      79   1   1   1   0   1    266   270   273   168   162   167
      80   1   1   1   0   1    271   263   272   172   170   163
 
    ELEM MAT TYP REL ESY SEC        NODES
 
      81   1   1   1   0   1    270   261   271   175   173   164
      82   1   1   1   0   1    269   268   272   178   165   169
      83   1   1   1   0   1    267   266   273   180   167   166
      84   1   1   1   0   1    266   265   270   181   176   168
      85   1   1   1   0   1    264   269   272   182   169   171
      86   1   1   1   0   1    263   264   272   183   171   170
      87   1   1   1   0   1    262   263   271   184   172   174
      88   1   1   1   0   1    261   262   271   185   174   173
      89   1   1   1   0   1    260   261   270   186   175   177
      90   1   1   1   0   1    265   260   270   187   177   176
      91   1   1   1   0   1    259   268   269   190   178   189
      92   1   1   1   0   1    258   267   268   192   179   191
      93   1   1   1   0   1    257   266   267   194   180   193
      94   1   1   1   0   1    256   265   266   196   181   195
      95   1   1   1   0   1    264   255   269   198   188   182
      96   1   1   1   0   1    263   253   264   202   199   183
      97   1   1   1   0   1    262   252   263   204   201   184
      98   1   1   1   0   1    261   251   262   206   203   185
      99   1   1   1   0   1    260   250   261   207   205   186
     100   1   1   1   0   1    248   260   265   208   187   197
 
    ELEM MAT TYP REL ESY SEC        NODES
 
     101   1   1   1   0   1    255   259   269   210   189   188
     102   1   1   1   0   1    259   258   268   211   191   190
     103   1   1   1   0   1    258   257   267   212   193   192
     104   1   1   1   0   1    257   256   266   213   195   194
     105   1   1   1   0   1    256   248   265   214   197   196
     106   1   1   1   0   1    254   255   264   215   198   200
     107   1   1   1   0   1    253   254   264   216   200   199
     108   1   1   1   0   1    252   253   263   217   202   201
     109   1   1   1   0   1    251   252   262   218   204   203
     110   1   1   1   0   1    250   251   261   219   206   205
     111   1   1   1   0   1    249   250   260   220   207   209
     112   1   1   1   0   1    248   249   260   221   209   208
     113   1   1   1   0   1     29   259   255   224   210   223
     114   1   1   1   0   1     31   258   259   226   211   225
     115   1   1   1   0   1     18   257   258   228   212   227
     116   1   1   1   0   1     20   256   257   230   213   229
     117   1   1   1   0   1     22   248   256   232   214   231
     118   1   1   1   0   1    253     6   254   238   235   216
     119   1   1   1   0   1    252     8   253   240   237   217
     120   1   1   1   0   1    251     2   252   242   239   218
 
    ELEM MAT TYP REL ESY SEC        NODES
 
     121   1   1   1   0   1    250    12   251   244   241   219
     122   1   1   1   0   1    249    14   250   246   243   220
     123   1   1   1   0   1      1    27   255    26   222   234
     124   1   1   1   0   1     27    29   255    28   223   222
     125   1   1   1   0   1     29    31   259    30   225   224
     126   1   1   1   0   1     31    18   258    32   227   226
     127   1   1   1   0   1     18    20   257    19   229   228
     128   1   1   1   0   1     20    22   256    21   231   230
     129   1   1   1   0   1     22    24   248    23   233   232
     130   1   1   1   0   1     24    10   248    25   247   233
     131   1   1   1   0   1      6     4   254     5   236   235
     132   1   1   1   0   1      8     6   253     7   238   237
     133   1   1   1   0   1      2     8   252     9   240   239
     134   1   1   1   0   1     12     2   251    11   242   241
     135   1   1   1   0   1     14    12   250    13   244   243
     136   1   1   1   0   1     16    14   249    15   246   245

 LIST ALL SELECTED NODES.   DSYS=      0
 SORT TABLE ON  NODE  NODE  NODE

   NODE        X                   Y                   Z
        1     0.00000000000       0.00000000000      -1.00000000000    
        2    -1.00000000000      0.122464679915E-15   0.00000000000    
        3   -0.195090322003      0.238916738386E-16 -0.980785280406    
        4   -0.382683432316      0.468652040473E-16 -0.923879532532    
        5   -0.555570232943      0.680377307475E-16 -0.831469612354    
        6   -0.707106781126      0.865956056161E-16 -0.707106781248    
        7   -0.831469612233      0.101825659921E-15 -0.555570233124    
        8   -0.923879532448      0.113142611221E-15 -0.382683432518    
        9   -0.980785280371      0.120111555426E-15 -0.195090322180    
       10     0.00000000000       0.00000000000       1.00000000000    
       11   -0.980785280407      0.120111555430E-15  0.195090321997    
       12   -0.923879532534      0.113142611232E-15  0.382683432310    
       13   -0.831469612358      0.101825659936E-15  0.555570232937    
       14   -0.707106781285      0.865956056356E-16  0.707106781088    
       15   -0.555570233117      0.680377307688E-16  0.831469612238    
       16   -0.382683432510      0.468652040710E-16  0.923879532451    
       17   -0.195090322209      0.238916738638E-16  0.980785280365    
       18     1.00000000000       0.00000000000       0.00000000000    
       19    0.980785280407       0.00000000000      0.195090321997    
       20    0.923879532534       0.00000000000      0.382683432310    

   NODE        X                   Y                   Z
       21    0.831469612358       0.00000000000      0.555570232937    
       22    0.707106781285       0.00000000000      0.707106781088    
       23    0.555570233117       0.00000000000      0.831469612238    
       24    0.382683432510       0.00000000000      0.923879532451    
       25    0.195090322209       0.00000000000      0.980785280365    
       26    0.195090322003       0.00000000000     -0.980785280406    
       27    0.382683432316       0.00000000000     -0.923879532532    
       28    0.555570232943       0.00000000000     -0.831469612354    
       29    0.707106781126       0.00000000000     -0.707106781248    
       30    0.831469612233       0.00000000000     -0.555570233124    
       31    0.923879532448       0.00000000000     -0.382683432518    
       32    0.980785280371       0.00000000000     -0.195090322180    
       33    0.437303922420      0.896283104050     -0.737690777365E-01
       34   -0.188712722519      0.131415590034     -0.973199594665    
       35   -0.162326951706      0.129341242331      0.978223289327    
       36    0.316199742607E-01  0.997616197922     -0.613359508842E-01
       37    0.393752883907E-01  0.994488919076      0.971667458460E-01
       38    0.138105704178      0.945602258500     -0.294555908433    
       39    0.264495852691      0.964338639013      0.964018751559E-02
       40    0.376519664692      0.884238989019     -0.276322913271    

   NODE        X                   Y                   Z
       41    0.160698835316      0.934079145913      0.318860523581    
       42   -0.905197430164E-01  0.973176830245     -0.211501851526    
       43   -0.753034132041E-01  0.964717143119      0.252289971523    
       44    0.258926631150      0.865494370867     -0.428808224827    
       45    0.400483804411      0.870830858396      0.285072514405    
       46    0.444594846326      0.891846780675      0.833351211664E-01
       47    0.290675291514      0.848138247043      0.442910136264    
       48    0.140633979650      0.806765636572     -0.573891358547    
       49   -0.973636639138E-01  0.789766511742     -0.605631219373    
       50   -0.252906163269      0.872981471980     -0.417063331114    
       51   -0.361951490355      0.914930573730     -0.178586572519    
       52   -0.443832503350      0.895693540594      0.273091616267E-01
       53   -0.364017427562      0.902711791697      0.229352858195    
       54   -0.240389402880      0.855614485614      0.458406792042    
       55   -0.606750263137E-01  0.771538647847      0.633282445722    
       56    0.191771551776      0.783824401488      0.590629308078    
       57    0.378371531971      0.741941195445     -0.553496383273    
       58    0.555768058690      0.806063518634     -0.203429272394    
       59    0.571500939910      0.795323077978      0.202108578040    
       60    0.429559088877      0.714293996870      0.552506176615    

   NODE        X                   Y                   Z
       61    0.262139475496E-01  0.675527785365     -0.736868400838    
       62   -0.367295161120      0.731289990122     -0.574725338718    
       63   -0.598114826024      0.782103217009     -0.174851974063    
       64   -0.598999969832      0.768002777534      0.226651207458    
       65   -0.347748732494      0.709246797740      0.613220840272    
       66    0.840672890575E-01  0.651496598038      0.753979358906    
       67    0.470883852905      0.564005013206     -0.678355911120    
       68    0.247658861203      0.517598294738     -0.818997615230    
       69    0.701060979464      0.634655516052     -0.325155161450    
       70    0.586600025360      0.614614111510     -0.527399188642    
       71    0.761928678674      0.638419791995      0.109017694908    
       72    0.757993498711      0.641475223700     -0.118132947525    
       73    0.613873162417      0.595292516072      0.518446294975    
       74    0.719363484700      0.619556553193      0.314111213228    
       75    0.304183426305      0.489130481458      0.817449579650    
       76    0.515908615825      0.535845790049      0.668361870101    
       77    0.105130384317E-01  0.505225897556     -0.862923095334    
       78   -0.294217274879      0.456787998635     -0.839512310491    
       79   -0.468934774845      0.533509226651     -0.703894936777    
       80   -0.618163979541      0.603357898494     -0.503817963874    

   NODE        X                   Y                   Z
       81   -0.720132685716      0.628064731203     -0.294862015834    
       82   -0.792867544144      0.603047767046     -0.877180033033E-01
       83   -0.788523741421      0.599331158956      0.137958222370    
       84   -0.715830606618      0.609557246196      0.340626637596    
       85   -0.607109577839      0.583627743175      0.539255614613    
       86   -0.437894847138      0.520836221488      0.732787645390    
       87   -0.246714377217      0.444717976197      0.861021450210    
       88    0.537377348740E-01  0.483285008998      0.873812254393    
       89    0.457627631560      0.389847360647     -0.799122009601    
       90    0.781532350981      0.442304577800     -0.439970277210    
       91    0.891720547844      0.452497571088     -0.896731358537E-02
       92    0.796884010082      0.430668009542      0.423675512666    
       93    0.490359482837      0.369464282662      0.789331186150    
       94   -0.735487259879E-01  0.309827285263     -0.947943900351    
       95   -0.544494107444      0.330745910549     -0.770800434363    
       96   -0.808293811090      0.419175201414     -0.413464950720    
       97   -0.899845344976      0.435648745231      0.221026221040E-01
       98   -0.793435198145      0.411391871870      0.448572529369    
       99   -0.509968529770      0.326082885253      0.795991237760    
      100   -0.258238289344E-01  0.296201780930      0.954776222386    

   NODE        X                   Y                   Z
      101    0.491349980932      0.176390668979     -0.852913552557    
      102    0.310184591719      0.170608355489     -0.935242379331    
      103    0.822262295998      0.217115170958     -0.526066268752    
      104    0.697940185224      0.213584984934     -0.683564885040    
      105    0.965949469139      0.230043842263     -0.118412219418    
      106    0.921228044311      0.228723104415     -0.314681794645    
      107    0.925026768561      0.225604621846      0.305659994189    
      108    0.967885185493      0.226466852769      0.109137675900    
      109    0.708519747192      0.204882422100      0.675294721550    
      110    0.830654121939      0.207725015923      0.516588857280    
      111    0.509274958260      0.163482873887      0.844933350528    
      112    0.330078964408      0.158770590397      0.930505119212    
      113    0.116004601179      0.171375902332     -0.978352304952    
      114   -0.378155466016      0.128970848864     -0.916714221372    
      115   -0.552321467642      0.131491544888     -0.823195584297    
      116   -0.714705109929      0.198244107680     -0.670742782005    
      117   -0.835564993024      0.200699661670     -0.511420363536    
      118   -0.928526202161      0.220250561418     -0.298879209875    
      119   -0.969945501857      0.220767605637     -0.102310252318    
      120   -0.967980714881      0.217808055205      0.124791773394    

   NODE        X                   Y                   Z
      121   -0.922303487392      0.216316846462      0.320255053172    
      122   -0.827231677641      0.197171845656      0.526128325400    
      123   -0.703853067458      0.194102167494      0.683311940481    
      124   -0.529748855829      0.130822431356      0.838004559177    
      125   -0.353165082844      0.127620031018      0.926815813386    
      126    0.137198311076      0.160147708029      0.977511808139    
      127    0.268225938268      0.313092551288      0.911058670102    
      128   -0.317584009288      0.253049231038      0.913841607564    
      129   -0.673675261665      0.380779454924      0.633378755981    
      130   -0.873973328762      0.421667993968      0.241592060042    
      131   -0.881588553144      0.428265092087     -0.198470738058    
      132   -0.693228662188      0.388423486212     -0.607092428944    
      133   -0.367310290127      0.255787197908     -0.894234902111    
      134    0.226986737897      0.335332018119     -0.914346465210    
      135    0.679472874918      0.400956782819      0.614451194613    
      136    0.873603464592      0.438387823600      0.211265479364    
      137    0.866116753858      0.444421454626     -0.228760440973    
      138    0.656489114547      0.417290213401     -0.628403469342    
      139   -0.164853772198      0.616574810512      0.769843319666    
      140   -0.507494315342      0.754704747103      0.415776700400    

   NODE        X                   Y                   Z
      141   -0.663958799534      0.747264019654      0.274808560928E-01
      142   -0.504465826446      0.780584177801     -0.369056325396    
      143   -0.206784558980      0.635525649913     -0.743873170957    
      144    0.327655719110      0.645092072723      0.690288307480    
      145    0.516789957874      0.759097696207      0.395852026715    
      146    0.602299126044      0.798270476963     -0.915167040192E-04
      147    0.485021001783      0.778734668283     -0.397903184512    
      148    0.257746110296      0.677742557161     -0.688645023826    
      149    0.467507966498E-01  0.885212919911      0.462830908037    
      150   -0.192421812826      0.980988366079      0.252125279663E-01
      151    0.173999661036E-01  0.900669715808     -0.434155852437    
      152    0.268845720727      0.949225548944      0.163379422444    
      153    0.253829009258      0.956420352991     -0.144329284774    
      154    0.436042284860     -0.897101920188     -0.712409335168E-01
      155   -0.189172502710     -0.132568847162     -0.972953886359    
      156   -0.158869652946     -0.124980404977      0.979357101238    
      157    0.317781147203E-01 -0.997555869477     -0.622289217037E-01
      158    0.394375183083E-01 -0.994638109466      0.956018480363E-01
      159    0.138643043076     -0.945738475917     -0.293865346336    
      160    0.377635411189     -0.884871152147     -0.272753625667    

   NODE        X                   Y                   Z
      161    0.261977882856     -0.965027641099      0.944673536897E-02
      162    0.155614888976     -0.935244640003      0.317964572987    
      163   -0.872572540700E-01 -0.973330250576     -0.212165960807    
      164   -0.777331965303E-01 -0.965011199566      0.250421514391    
      165    0.263137716042     -0.866073614553     -0.425058862479    
      166    0.443076535197     -0.892414493562      0.853203119899E-01
      167    0.395535047643     -0.872802280690      0.285951403055    
      168    0.283175582607     -0.850311386662      0.443601324533    
      169    0.146063733265     -0.806588103145     -0.572783569675    
      170   -0.249711753694     -0.873721376328     -0.417438614188    
      171   -0.933489859550E-01 -0.790073865158     -0.605862405514    
      172   -0.359125944011     -0.915677341705     -0.180453767561    
      173   -0.358551047190     -0.905477241295      0.227050901905    
      174   -0.439935012605     -0.897691918064      0.246252904057E-01
      175   -0.239920983542     -0.857188930686      0.455702818474    
      176    0.170686041711     -0.788116220268      0.591387435202    
      177   -0.679809736797E-01 -0.771764790804      0.632263944008    
      178    0.384371270743     -0.741892714964     -0.549412345795    
      179    0.557686000622     -0.806191652196     -0.197588827216    
      180    0.567673559681     -0.797121459263      0.205776842286    

   NODE        X                   Y                   Z
      181    0.409768104857     -0.722312306881      0.557095172812    
      182    0.320493370224E-01 -0.675309375307     -0.736837897790    
      183   -0.363754054810     -0.731974280935     -0.576104712408    
      184   -0.594336708781     -0.784481102440     -0.177068564432    
      185   -0.593129495273     -0.773263994594      0.224187859847    
      186   -0.347117128280     -0.711314069357      0.611180819390    
      187    0.633542415982E-01 -0.654356944184      0.753527192389    
      188    0.257445028403     -0.513321124736     -0.818671778096    
      189    0.477488860898     -0.562715777830     -0.674800223103    
      190    0.592134870617     -0.614349804095     -0.521488842841    
      191    0.706760094418     -0.633464501877     -0.314980783223    
      192    0.760758224430     -0.639845491117     -0.108833227732    
      193    0.761453097215     -0.638317652679      0.112870523258    
      194    0.716182684837     -0.621657080608      0.317214180120    
      195    0.610305218818     -0.596135199992      0.521680326650    
      196    0.500512119886     -0.541998413835      0.675074319795    
      197    0.285467972043     -0.497338595083      0.819244993136    
      198    0.189098566055E-01 -0.501855876832     -0.864744526558    
      199   -0.467169593633     -0.533298749469     -0.705226924188    
      200   -0.292405761400     -0.457934820156     -0.839520441198    

   NODE        X                   Y                   Z
      201   -0.717129165934     -0.630455907713     -0.297070880089    
      202   -0.617134989912     -0.603433747255     -0.504987244295    
      203   -0.784891076535     -0.604931015823      0.134180714227    
      204   -0.789321846491     -0.607228881970     -0.907970679736E-01
      205   -0.604001648741     -0.585265074921      0.540968391310    
      206   -0.711199806881     -0.616652315726      0.337542228768    
      207   -0.440622878033     -0.517576707392      0.733461540450    
      208    0.484184486627E-01 -0.485902777120      0.872670696779    
      209   -0.246974948472     -0.440344075191      0.863192023985    
      210    0.466691156711     -0.384881425534     -0.796282394962    
      211    0.787938104115     -0.439990500829     -0.430768967387    
      212    0.893139086809     -0.449780145148     -0.626613246765E-03
      213    0.796182051728     -0.429063630887      0.426612870359    
      214    0.487928734435     -0.371007427906      0.790113307414    
      215   -0.679208992780E-01 -0.307327939970     -0.949176637278    
      216   -0.544892387101     -0.331127814658     -0.770354890190    
      217   -0.806788454731     -0.420437998338     -0.415119595859    
      218   -0.897167206765     -0.441310308422      0.183361605958E-01
      219   -0.792589419541     -0.413048501670      0.448545368162    
      220   -0.506685645474     -0.319682545314      0.800670173600    

   NODE        X                   Y                   Z
      221   -0.242796229968E-01 -0.294567017027      0.955322339521    
      222    0.315817066841     -0.166323732318     -0.934128468873    
      223    0.496412811584     -0.171765270056     -0.850923623187    
      224    0.700843644984     -0.212822185540     -0.680826631844    
      225    0.824539108488     -0.216166432395     -0.522883669738    
      226    0.924033453293     -0.226787112086     -0.307782038117    
      227    0.967336050575     -0.227758331269     -0.111297384492    
      228    0.967764742763     -0.226264379981      0.110615699682    
      229    0.924626698265     -0.225335849771      0.307065503864    
      230    0.830105078615     -0.206304161732      0.518038754641    
      231    0.707774644112     -0.203420932553      0.676516797538    
      232    0.507883293302     -0.166688236478      0.845144716723    
      233    0.328489634837     -0.161837119338      0.930539255813    
      234    0.122028715860     -0.167267203178     -0.978330555204    
      235   -0.552749674600     -0.132615805644     -0.822727686007    
      236   -0.378615332393     -0.130088877704     -0.916366364493    
      237   -0.835604656664     -0.200026046119     -0.511619427539    
      238   -0.714739681738     -0.197573895092     -0.670903676639    
      239   -0.969264092161     -0.222990530078     -0.103934321295    
      240   -0.927483598969     -0.222387890662     -0.300529199464    

   NODE        X                   Y                   Z
      241   -0.922040351858     -0.220216295439      0.318349450713    
      242   -0.967384956606     -0.221649593260      0.122628722332    
      243   -0.703132697769     -0.191633479968      0.684748872714    
      244   -0.826714392740     -0.194728286035      0.527848659612    
      245   -0.349788665807     -0.123408359447      0.928664775951    
      246   -0.526633792777     -0.126605190893      0.840611666552    
      247    0.135437056897     -0.163188314935      0.977254510088    
      248    0.264712949371     -0.318953033528      0.910052754975    
      249   -0.311180245567     -0.244800894259      0.918280663490    
      250   -0.672974613497     -0.376130709269      0.636891559949    
      251   -0.871667308534     -0.428840964314      0.237258362463    
      252   -0.878945760705     -0.432273427393     -0.201479611148    
      253   -0.693493975812     -0.387164941429     -0.607593131661    
      254   -0.368112243409     -0.257966750113     -0.893278529961    
      255    0.238768842676     -0.327285231505     -0.914261350493    
      256    0.678492124754     -0.398233850216      0.617299147244    
      257    0.873137194671     -0.437941378977      0.214099948298    
      258    0.871478069486     -0.440637689311     -0.215323944707    
      259    0.662325472588     -0.415849622480     -0.623212692301    
      260   -0.171558417717     -0.615898182946      0.768919461033    

   NODE        X                   Y                   Z
      261   -0.500180381804     -0.760632158267      0.413833668844    
      262   -0.659527384058     -0.751280951330      0.245063633890E-01
      263   -0.501815741842     -0.781607262132     -0.370501078300    
      264   -0.202485835177     -0.635643304789     -0.744954411779    
      265    0.294662047369     -0.655582824250      0.695259259837    
      266    0.509798161386     -0.762466805021      0.398434694634    
      267    0.601895388785     -0.798562011372      0.454477207418E-02
      268    0.489568238075     -0.779259314014     -0.391251660430    
      269    0.264769041773     -0.676721856129     -0.686982448069    
      270    0.392468730283E-01 -0.886189623103      0.461657486523    
      271   -0.189698090211     -0.981572363418      0.230288936936E-01
      272    0.209319745210E-01 -0.900966428624     -0.433383602523    
      273    0.266288090416     -0.950073852555      0.162635566819    
      274    0.251456438590     -0.957101577950     -0.143966068841    

