
 LIST ALL SELECTED ELEMENTS.  (LIST NODES)
 
116 234

    ELEM MAT TYP REL ESY SEC        NODES
 
       1   1   1   1   0   1    124   127   129    38    33    37
       2   1   1   1   0   1    127   128   129    39    34    33
       3   1   1   1   0   1    128   126   129    41    35    34
       4   1   1   1   0   1    126   125   129    42    36    35
       5   1   1   1   0   1    125   124   129    43    37    36
       6   1   1   1   0   1    124   123   127    44    40    38
       7   1   1   1   0   1    127   120   128    48    46    39
       8   1   1   1   0   1    123   118   127    51    49    40
       9   1   1   1   0   1    122   126   128    52    41    45
      10   1   1   1   0   1    115   125   126    55    42    54
      11   1   1   1   0   1    113   124   125    58    43    57
      12   1   1   1   0   1    111   123   124    61    44    60
      13   1   1   1   0   1    121   122   128    65    45    47
      14   1   1   1   0   1    120   121   128    66    47    46
      15   1   1   1   0   1    119   120   127    67    48    50
      16   1   1   1   0   1    118   119   127    68    50    49
      17   1   1   1   0   1    117   118   123    69    51    62
      18   1   1   1   0   1    122   116   126    70    53    52
      19   1   1   1   0   1    116   115   126    71    54    53
      20   1   1   1   0   1    115   114   125    72    56    55
 
    ELEM MAT TYP REL ESY SEC        NODES
 
      21   1   1   1   0   1    114   113   125    73    57    56
      22   1   1   1   0   1    113   112   124    74    59    58
      23   1   1   1   0   1    112   111   124    75    60    59
      24   1   1   1   0   1    111   110   123    76    63    61
      25   1   1   1   0   1    109   117   123    77    62    64
      26   1   1   1   0   1    110   109   123    78    64    63
      27   1   1   1   0   1    121    29   122    82    79    65
      28   1   1   1   0   1    120    31   121    84    81    66
      29   1   1   1   0   1    119    18   120    86    83    67
      30   1   1   1   0   1    118    20   119    88    85    68
      31   1   1   1   0   1    117    22   118    90    87    69
      32   1   1   1   0   1     27   116   122    91    70    80
      33   1   1   1   0   1      4   115   116    94    71    93
      34   1   1   1   0   1      6   114   115    96    72    95
      35   1   1   1   0   1      8   113   114    98    73    97
      36   1   1   1   0   1      2   112   113   100    74    99
      37   1   1   1   0   1     12   111   112   102    75   101
      38   1   1   1   0   1     14   110   111   104    76   103
      39   1   1   1   0   1    109    24   117   106    89    77
      40   1   1   1   0   1     16   109   110   107    78   105
 
    ELEM MAT TYP REL ESY SEC        NODES
 
      41   1   1   1   0   1     29    27   122    28    80    79
      42   1   1   1   0   1     31    29   121    30    82    81
      43   1   1   1   0   1     18    31   120    32    84    83
      44   1   1   1   0   1     20    18   119    19    86    85
      45   1   1   1   0   1     22    20   118    21    88    87
      46   1   1   1   0   1     24    22   117    23    90    89
      47   1   1   1   0   1      1   116    27    92    91    26
      48   1   1   1   0   1      1     4   116     3    93    92
      49   1   1   1   0   1      4     6   115     5    95    94
      50   1   1   1   0   1      6     8   114     7    97    96
      51   1   1   1   0   1      8     2   113     9    99    98
      52   1   1   1   0   1      2    12   112    11   101   100
      53   1   1   1   0   1     12    14   111    13   103   102
      54   1   1   1   0   1     14    16   110    15   105   104
      55   1   1   1   0   1    109    10    24   108    25   106
      56   1   1   1   0   1     16    10   109    17   108   107
      57   1   1   1   0   1    213   227   226   130   148   167
      58   1   1   1   0   1    213   214   227   179   163   130
      59   1   1   1   0   1    223   233   224   131   142   169
      60   1   1   1   0   1    223   232   233   151   143   131
 
    ELEM MAT TYP REL ESY SEC        NODES
 
      61   1   1   1   0   1    225   229   219   132   157   173
      62   1   1   1   0   1    225   230   229   156   145   132
      63   1   1   1   0   1    234   228   230   137   136   133
      64   1   1   1   0   1    232   226   234   140   138   135
      65   1   1   1   0   1    230   233   234   141   134   133
      66   1   1   1   0   1    233   232   234   143   135   134
      67   1   1   1   0   1    228   229   230   146   145   136
      68   1   1   1   0   1    227   228   234   147   137   139
      69   1   1   1   0   1    226   227   234   148   139   138
      70   1   1   1   0   1    231   226   232   149   140   144
      71   1   1   1   0   1    230   224   233   150   142   141
      72   1   1   1   0   1    222   231   232   153   144   152
      73   1   1   1   0   1    228   217   229   161   158   146
      74   1   1   1   0   1    227   216   228   162   160   147
      75   1   1   1   0   1    220   226   231   165   149   155
      76   1   1   1   0   1    225   224   230   168   150   156
      77   1   1   1   0   1    223   222   232   170   152   151
      78   1   1   1   0   1    222   221   231   171   154   153
      79   1   1   1   0   1    221   220   231   172   155   154
      80   1   1   1   0   1    218   219   229   174   157   159
 
    ELEM MAT TYP REL ESY SEC        NODES
 
      81   1   1   1   0   1    217   218   229   175   159   158
      82   1   1   1   0   1    216   217   228   176   161   160
      83   1   1   1   0   1    215   216   227   177   162   164
      84   1   1   1   0   1    214   215   227   178   164   163
      85   1   1   1   0   1    220   212   226   180   166   165
      86   1   1   1   0   1    212   213   226   181   167   166
      87   1   1   1   0   1     29   224   225   184   168   183
      88   1   1   1   0   1     31   223   224   186   169   185
      89   1   1   1   0   1     18   222   223   188   170   187
      90   1   1   1   0   1     20   221   222   190   171   189
      91   1   1   1   0   1     22   220   221   192   172   191
      92   1   1   1   0   1    219    27   225   194   182   173
      93   1   1   1   0   1    218     4   219   198   195   174
      94   1   1   1   0   1    217     6   218   200   197   175
      95   1   1   1   0   1    216     8   217   202   199   176
      96   1   1   1   0   1    215     2   216   204   201   177
      97   1   1   1   0   1    214    12   215   206   203   178
      98   1   1   1   0   1    213    14   214   208   205   179
      99   1   1   1   0   1     24   212   220   209   180   193
     100   1   1   1   0   1    212    16   213   211   207   181
 
    ELEM MAT TYP REL ESY SEC        NODES
 
     101   1   1   1   0   1     27    29   225    28   183   182
     102   1   1   1   0   1     29    31   224    30   185   184
     103   1   1   1   0   1     31    18   223    32   187   186
     104   1   1   1   0   1     18    20   222    19   189   188
     105   1   1   1   0   1     20    22   221    21   191   190
     106   1   1   1   0   1     22    24   220    23   193   192
     107   1   1   1   0   1    219     1    27   196    26   194
     108   1   1   1   0   1      4     1   219     3   196   195
     109   1   1   1   0   1      6     4   218     5   198   197
     110   1   1   1   0   1      8     6   217     7   200   199
     111   1   1   1   0   1      2     8   216     9   202   201
     112   1   1   1   0   1     12     2   215    11   204   203
     113   1   1   1   0   1     14    12   214    13   206   205
     114   1   1   1   0   1     16    14   213    15   208   207
     115   1   1   1   0   1     10   212    24   210   209    25
     116   1   1   1   0   1     10    16   212    17   211   210

 LIST ALL SELECTED NODES.   DSYS=      0
 SORT TABLE ON  NODE  NODE  NODE

   NODE        X                   Y                   Z
        1     0.00000000000       0.00000000000      -1.00000000000    
        2    -1.00000000000      0.122464679915E-15   0.00000000000    
        3   -0.195090322003      0.238916738386E-16 -0.980785280406    
        4   -0.382683432316      0.468652040473E-16 -0.923879532532    
        5   -0.555570232943      0.680377307475E-16 -0.831469612354    
        6   -0.707106781126      0.865956056161E-16 -0.707106781248    
        7   -0.831469612233      0.101825659921E-15 -0.555570233124    
        8   -0.923879532448      0.113142611221E-15 -0.382683432518    
        9   -0.980785280371      0.120111555426E-15 -0.195090322180    
       10     0.00000000000       0.00000000000       1.00000000000    
       11   -0.980785280407      0.120111555430E-15  0.195090321997    
       12   -0.923879532534      0.113142611232E-15  0.382683432310    
       13   -0.831469612358      0.101825659936E-15  0.555570232937    
       14   -0.707106781285      0.865956056356E-16  0.707106781088    
       15   -0.555570233117      0.680377307688E-16  0.831469612238    
       16   -0.382683432510      0.468652040710E-16  0.923879532451    
       17   -0.195090322209      0.238916738638E-16  0.980785280365    
       18     1.00000000000       0.00000000000       0.00000000000    
       19    0.980785280407       0.00000000000      0.195090321997    
       20    0.923879532534       0.00000000000      0.382683432310    

   NODE        X                   Y                   Z
       21    0.831469612358       0.00000000000      0.555570232937    
       22    0.707106781285       0.00000000000      0.707106781088    
       23    0.555570233117       0.00000000000      0.831469612238    
       24    0.382683432510       0.00000000000      0.923879532451    
       25    0.195090322209       0.00000000000      0.980785280365    
       26    0.195090322003       0.00000000000     -0.980785280406    
       27    0.382683432316       0.00000000000     -0.923879532532    
       28    0.555570232943       0.00000000000     -0.831469612354    
       29    0.707106781126       0.00000000000     -0.707106781248    
       30    0.831469612233       0.00000000000     -0.555570233124    
       31    0.923879532448       0.00000000000     -0.382683432518    
       32    0.980785280371       0.00000000000     -0.195090322180    
       33    0.227907059263      0.973589037681     -0.135188033771E-01
       34    0.251609971319      0.909416816537     -0.331139662579    
       35   -0.142708440039E-01  0.876226371666     -0.481688372922    
       36   -0.278877781592      0.902027730743     -0.329504409537    
       37   -0.269079329750      0.963064007373     -0.101996080631E-01
       38   -0.236475909883E-01  0.966960285743      0.253827889003    
       39    0.497693135335      0.862897111945     -0.878072732633E-01
       40    0.215703304658      0.808087799286      0.548147966342    

   NODE        X                   Y                   Z
       41    0.256111883076      0.786271522163     -0.562302229039    
       42   -0.276654839356      0.780167385771     -0.561071252196    
       43   -0.529539596180      0.844174865352     -0.834063114263E-01
       44   -0.290722403186      0.786035161191      0.545554039172    
       45    0.489553612633      0.620260837834     -0.612873358376    
       46    0.713131473769      0.643613297687     -0.277858640610    
       47    0.651764658321      0.590472388742     -0.475967633665    
       48    0.703576757225      0.709512363431      0.396478603646E-01
       49    0.569994004209      0.690534850433      0.445273461486    
       50    0.699121111428      0.667117617561      0.257262037416    
       51    0.315116079765      0.571445519395      0.757728100731    
       52    0.225315300878      0.597498142537     -0.769564152527    
       53   -0.738218209245E-02  0.550747087105     -0.834639532632    
       54   -0.241335925944      0.597216710980     -0.764911217708    
       55   -0.504025305996      0.614064062424     -0.607358064205    
       56   -0.663369886234      0.580120331585     -0.472652932837    
       57   -0.725526153903      0.629754990324     -0.277525588306    
       58   -0.726375377741      0.686031138474      0.417143579087E-01
       59   -0.722924470073      0.639722351828      0.261027820627    
       60   -0.607760493657      0.656484221888      0.446828433252    

   NODE        X                   Y                   Z
       61   -0.381580721710      0.543665303488      0.747545443838    
       62    0.160313859011      0.471697407197      0.867064601199    
       63   -0.236365320047      0.461889151672      0.854862472592    
       64   -0.428536539488E-01  0.438126298809      0.897891369062    
       65    0.615756581281      0.402869554691     -0.677155783046    
       66    0.835552703279      0.425660353508     -0.347368598890    
       67    0.895483106562      0.440869250363      0.611907668451E-01
       68    0.776680939586      0.433048283408      0.457423110830    
       69    0.509872813741      0.378048847929      0.772728142614    
       70    0.226059569272      0.393601391103     -0.891052757171    
       71   -0.235848853867      0.394452486715     -0.888134310707    
       72   -0.623748887479      0.399570208747     -0.671774496130    
       73   -0.841398012833      0.414595579196     -0.346640865613    
       74   -0.904223410929      0.422589762405      0.616272329250E-01
       75   -0.794938145507      0.399995069158      0.456154896353    
       76   -0.547479399410      0.348813297336      0.760654711958    
       77    0.167002308651      0.271589277669      0.947813005376    
       78   -0.224136567588      0.263648081879      0.938217718865    
       79    0.594223922436      0.216970056350     -0.774481713569    
       80    0.423473167780      0.215370202352     -0.879935311321    

   NODE        X                   Y                   Z
       81    0.862958118067      0.188560937529     -0.468772929360    
       82    0.750452276447      0.188177441421     -0.633569752526    
       83    0.967797968703      0.240038718081     -0.758188999955E-01
       84    0.931037670120      0.240702194877     -0.274283266350    
       85    0.921178090813      0.203257349330      0.331839381250    
       86    0.969028233783      0.205149073400      0.137470505255    
       87    0.691113949759      0.230028439138      0.685163064998    
       88    0.816605967406      0.234075284351      0.527601606568    
       89    0.375436121953      0.147746581813      0.914996538734    
       90    0.550138845096      0.150674447421      0.821367434228    
       91    0.196033280752      0.178364949516     -0.964239025150    
       92   -0.203249130915E-02  0.174975198290     -0.984570743503    
       93   -0.200012891079      0.178218710713     -0.963448459729    
       94   -0.429213246623      0.216096223886     -0.876971157419    
       95   -0.599314347212      0.217416512277     -0.770423502637    
       96   -0.752955295432      0.184409193893     -0.631705289109    
       97   -0.864913458952      0.184677907784     -0.466710594373    
       98   -0.932822178781      0.233040393982     -0.274836237688    
       99   -0.969582645159      0.232417391073     -0.767570878352E-01
      100   -0.971332377206      0.193129375167      0.138616223576    

   NODE        X                   Y                   Z
      101   -0.923494131096      0.191336228666      0.332489153855    
      102   -0.826316546129      0.211381977568      0.522033164801    
      103   -0.703013071637      0.208191066606      0.680021397379    
      104   -0.570983497081      0.142270330443      0.808540041765    
      105   -0.398798864215      0.140198313688      0.906258185475    
      106    0.180219899613      0.123471901836      0.975846031524    
      107   -0.212668009713      0.122655744963      0.969395629179    
      108   -0.165560481559E-01  0.120733184634      0.992546923524    
      109   -0.328653093257E-01  0.239666701951      0.970298790795    
      110   -0.406848275368      0.277561006263      0.870307054224    
      111   -0.667920776240      0.407202177831      0.622951220431    
      112   -0.886973174018      0.375185630178      0.269284851932    
      113   -0.880181011587      0.450695737636     -0.148844680516    
      114   -0.767334628911      0.361111148985     -0.529902165832    
      115   -0.453826146097      0.421157926886     -0.785282006505    
      116   -0.400226295883E-02  0.344550922150     -0.938759097925    
      117    0.359944052625      0.292248577251      0.886019778602    
      118    0.638042592102      0.447715765070      0.626460090007    
      119    0.878031435736      0.397590488518      0.266425601808    
      120    0.873265816451      0.464617967538     -0.146754754810    

   NODE        X                   Y                   Z
      121    0.761755503782      0.368320218686     -0.532981021205    
      122    0.443098044136      0.419976369729     -0.792012608581    
      123   -0.509252054837E-01  0.616989026230      0.785322331886    
      124   -0.488781130287      0.842231701120      0.227461575443    
      125   -0.518242269647      0.763132372083     -0.386075034974    
      126   -0.103681203233E-01  0.727550339250     -0.685975951429    
      127    0.446986416087      0.866772349458      0.221153426489    
      128    0.499604574874      0.774420936729     -0.388159093055    
      129   -0.172623285054E-01  0.968952538792     -0.246643446259    
      130   -0.539021084286     -0.613926701343      0.576671722970    
      131    0.717737585142     -0.667019895521     -0.199842982999    
      132    0.256024999973E-01 -0.492840904198     -0.869742694792    
      133    0.120037264620     -0.944628352043     -0.305398643775    
      134    0.308233963702     -0.941838273454     -0.133912248425    
      135    0.328448341982     -0.938948077166      0.102460699957    
      136   -0.154072744618     -0.852227282944     -0.499970246687    
      137   -0.205337003570     -0.957428477056     -0.202897575852    
      138    0.932087804595E-01 -0.938275158951      0.333094355012    
      139   -0.283947047540     -0.945179796257      0.161273763958    
      140    0.353377326219     -0.824045024253      0.442802736349    

   NODE        X                   Y                   Z
      141    0.355071784889     -0.833614423324     -0.423096940194    
      142    0.612374768328     -0.668930857706     -0.421341489440    
      143    0.559135656519     -0.828794987856     -0.215913342165E-01
      144    0.595798212582     -0.704039912627      0.386461241668    
      145   -0.400341954546E-01 -0.700633456825     -0.712397376730    
      146   -0.360464383901     -0.705241799854     -0.610491139721    
      147   -0.557096921919     -0.829698781503     -0.352555181534E-01
      148   -0.261161335539     -0.819032077182      0.510863204161    
      149    0.369468535588     -0.696314247245      0.615336875454    
      150    0.432003766508     -0.674792647984     -0.598354099133    
      151    0.744044476198     -0.667241372026      0.344495122936E-01
      152    0.739743804599     -0.623373276711      0.253347313858    
      153    0.752244123572     -0.502141572463      0.426594209708    
      154    0.687931333947     -0.443853876431      0.574233590233    
      155    0.541726072720     -0.480156801059      0.689914711056    
      156    0.233601481071     -0.622565785374     -0.746888338993    
      157   -0.159955104760     -0.401978454917     -0.901569568166    
      158   -0.483979466451     -0.484902042942     -0.728446212705    
      159   -0.353919089119     -0.407250146194     -0.841955222552    
      160   -0.698430389387     -0.663953344299     -0.267134699685    

   NODE        X                   Y                   Z
      161   -0.596369479569     -0.621573552747     -0.507926926204    
      162   -0.770293335062     -0.631367675403      0.895714040066E-01
      163   -0.694898904282     -0.567815768758      0.441249096971    
      164   -0.775748228364     -0.563159403333      0.284721219139    
      165    0.297381300929     -0.589566323993      0.750983296399    
      166    0.603273716114E-01 -0.556613955380      0.828578006533    
      167   -0.174337795850     -0.630144214037      0.756653555105    
      168    0.490570074059     -0.456063041898     -0.742527780122    
      169    0.786918380511     -0.497194822586     -0.365454197961    
      170    0.888128692684     -0.453588640823      0.740592340453E-01
      171    0.823660255032     -0.357526602401      0.440180091391    
      172    0.619694971450     -0.339419530525      0.707652827775    
      173    0.109620078619     -0.326899873161     -0.938679876897    
      174   -0.270530091723     -0.251698010878     -0.929226334534    
      175   -0.585571493477     -0.326057661591     -0.742153910820    
      176   -0.813453837935     -0.437395472706     -0.383377169384    
      177   -0.911496041912     -0.407711832018      0.542773213400E-01
      178   -0.844971020357     -0.353286245337      0.401513142515    
      179   -0.610227590143     -0.398031138717      0.684977007526    
      180    0.241897151174     -0.345186338686      0.906825319363    

   NODE        X                   Y                   Z
      181   -0.222005128528     -0.374817162571      0.900125445452    
      182    0.343189951537     -0.204024511647     -0.916839492938    
      183    0.522092281816     -0.209278206078     -0.826814538896    
      184    0.707989861891     -0.250892989981     -0.660153817711    
      185    0.829229081420     -0.253708752190     -0.498007027651    
      186    0.929584425937     -0.249504167511     -0.271330915027    
      187    0.965884049926     -0.248670790919     -0.723245452347E-01
      188    0.966625376843     -0.209762803669      0.147088228760    
      189    0.916837584400     -0.207407071045      0.341161473078    
      190    0.856580360632     -0.152702881094      0.492901527574    
      191    0.741059866542     -0.151695261222      0.654078605309    
      192    0.600359362478     -0.188664879109      0.777157769874    
      193    0.431010291670     -0.187440175476      0.882664324130    
      194    0.159683956224     -0.124672380972     -0.979263923336    
      195   -0.233017030333     -0.122816438536     -0.964686055668    
      196   -0.374172416191E-01 -0.121395828898     -0.991898685731    
      197   -0.592623970648     -0.128640591898     -0.795140508042    
      198   -0.423266355030     -0.127420059877     -0.897000401918    
      199   -0.836249028413     -0.200625638138     -0.510330202712    
      200   -0.715591472901     -0.198222553181     -0.669803451262    

   NODE        X                   Y                   Z
      201   -0.969170454242     -0.236131924120     -0.703586884178E-01
      202   -0.933556280966     -0.237060496627     -0.268840084822    
      203   -0.931974369093     -0.173706879438      0.318197572885    
      204   -0.976732082277     -0.174786202995      0.124274787037    
      205   -0.746602291374     -0.180894260399      0.640204877418    
      206   -0.860224891726     -0.181547294456      0.476501537805    
      207   -0.420828018407     -0.217793891714      0.880607517374    
      208   -0.591932816278     -0.219525387454      0.775515406214    
      209    0.200806158088     -0.155825751605      0.967158323136    
      210    0.355909402583E-02 -0.153013508405      0.988217688111    
      211   -0.193834404346     -0.156048963338      0.968543723707    
      212    0.703431933996E-02 -0.302421311051      0.953148398191    
      213   -0.437610677203     -0.424532204820      0.792634406437    
      214   -0.757160621424     -0.354777331786      0.548489597182    
      215   -0.908011121099     -0.341438584008      0.242766343035    
      216   -0.878582738751     -0.457704168322     -0.136379124027    
      217   -0.694911726834     -0.388366405666     -0.605201806721    
      218   -0.455974266287     -0.252469427116     -0.853432280181    
      219   -0.742282255713E-01 -0.240824726275     -0.967726005512    
      220    0.462455340547     -0.367538694516      0.806876921242    

   NODE        X                   Y                   Z
      221    0.755021934314     -0.299298352896      0.583405840440    
      222    0.868729238314     -0.405524098289      0.284358429108    
      223    0.865863995801     -0.480374301262     -0.139714249321    
      224    0.662745524830     -0.485439636035     -0.570190081538    
      225    0.288858550749     -0.399227962624     -0.870159624160    
      226    0.108614951321     -0.764623319931      0.635258979446    
      227   -0.590413446716     -0.746352344408      0.307197232952    
      228   -0.453959157928     -0.809058650368     -0.373289677325    
      229   -0.239652268929     -0.547979084628     -0.801427297269    
      230    0.162429390906     -0.803488863223     -0.572732345557    
      231    0.603311157486     -0.577099302697      0.550428961883    
      232    0.562632713259     -0.800667537740      0.205854132774    
      233    0.526264506857     -0.813381839725     -0.247902504279    
      234    0.664594951445E-01 -0.997742878571     -0.960644395591E-02

